[0.765s] DEBUG:colcon:Command line arguments: ['/usr/local/bin/colcon', 'build']
[0.765s] DEBUG:colcon:Parsed command line arguments: Namespace(ament_cmake_args=None, base_paths=['.'], build_base='build', catkin_cmake_args=None, catkin_skip_building_tests=False, cmake_args=None, cmake_clean_cache=False, cmake_clean_first=False, cmake_force_configure=False, cmake_target=None, cmake_target_skip_unavailable=False, continue_on_error=False, event_handlers=None, executor='parallel', ignore_user_meta=False, install_base='install', log_base=None, log_level=None, main=<bound method BuildVerb.main of <colcon_core.verb.build.BuildVerb object at 0x7f7fedb78a20>>, merge_install=False, metas=['./colcon.meta'], packages_above=None, packages_above_and_dependencies=None, packages_above_depth=None, packages_end=None, packages_ignore=None, packages_ignore_regex=None, packages_select=None, packages_select_build_failed=False, packages_select_by_dep=None, packages_select_regex=None, packages_select_test_failures=False, packages_skip=None, packages_skip_build_finished=False, packages_skip_by_dep=None, packages_skip_regex=None, packages_skip_test_passed=False, packages_skip_up_to=None, packages_start=None, packages_up_to=None, packages_up_to_regex=None, parallel_workers=4, paths=None, symlink_install=False, test_result_base=None, verb_extension=<colcon_core.verb.build.BuildVerb object at 0x7f7fedb78a20>, verb_name='build', verb_parser=<colcon_defaults.argument_parser.defaults.DefaultArgumentsDecorator object at 0x7f7fedb78e10>)
[0.793s] Level 1:colcon.colcon_core.package_discovery:discover_packages(colcon_meta) check parameters
[0.793s] Level 1:colcon.colcon_core.package_discovery:discover_packages(recursive) check parameters
[0.793s] Level 1:colcon.colcon_core.package_discovery:discover_packages(ignore) check parameters
[0.793s] Level 1:colcon.colcon_core.package_discovery:discover_packages(path) check parameters
[0.793s] Level 1:colcon.colcon_core.package_discovery:discover_packages(colcon_meta) discover
[0.793s] Level 1:colcon.colcon_core.package_discovery:discover_packages(recursive) discover
[0.793s] INFO:colcon.colcon_core.package_discovery:Crawling recursively for packages in '/home/ubuntu/environment/aws-robomaker-sample-application-helloworld/robot_ws'
[0.793s] Level 1:colcon.colcon_core.package_identification:_identify(.) by extensions ['ignore', 'ignore_ament_install']
[0.793s] Level 1:colcon.colcon_core.package_identification:_identify(.) by extension 'ignore'
[0.794s] Level 1:colcon.colcon_core.package_identification:_identify(.) by extension 'ignore_ament_install'
[0.794s] Level 1:colcon.colcon_core.package_identification:_identify(.) by extensions ['colcon_pkg']
[0.794s] Level 1:colcon.colcon_core.package_identification:_identify(.) by extension 'colcon_pkg'
[0.794s] Level 1:colcon.colcon_core.package_identification:_identify(.) by extensions ['colcon_meta']
[0.794s] Level 1:colcon.colcon_core.package_identification:_identify(.) by extension 'colcon_meta'
[0.794s] Level 1:colcon.colcon_core.package_identification:_identify(.) by extensions ['ros']
[0.794s] Level 1:colcon.colcon_core.package_identification:_identify(.) by extension 'ros'
[0.809s] Level 1:colcon.colcon_core.package_identification:_identify(.) by extensions ['cmake', 'python']
[0.809s] Level 1:colcon.colcon_core.package_identification:_identify(.) by extension 'cmake'
[0.809s] Level 1:colcon.colcon_core.package_identification:_identify(.) by extension 'python'
[0.809s] Level 1:colcon.colcon_core.package_identification:_identify(.) by extensions ['python_setup_py']
[0.809s] Level 1:colcon.colcon_core.package_identification:_identify(.) by extension 'python_setup_py'
[0.809s] Level 1:colcon.colcon_core.package_identification:_identify(build) by extensions ['ignore', 'ignore_ament_install']
[0.809s] Level 1:colcon.colcon_core.package_identification:_identify(build) by extension 'ignore'
[0.809s] Level 1:colcon.colcon_core.package_identification:_identify(build) ignored
[0.810s] Level 1:colcon.colcon_core.package_identification:_identify(bundle) by extensions ['ignore', 'ignore_ament_install']
[0.810s] Level 1:colcon.colcon_core.package_identification:_identify(bundle) by extension 'ignore'
[0.810s] Level 1:colcon.colcon_core.package_identification:_identify(bundle) ignored
[0.810s] Level 1:colcon.colcon_core.package_identification:_identify(install) by extensions ['ignore', 'ignore_ament_install']
[0.810s] Level 1:colcon.colcon_core.package_identification:_identify(install) by extension 'ignore'
[0.810s] Level 1:colcon.colcon_core.package_identification:_identify(install) ignored
[0.810s] Level 1:colcon.colcon_core.package_identification:_identify(log) by extensions ['ignore', 'ignore_ament_install']
[0.810s] Level 1:colcon.colcon_core.package_identification:_identify(log) by extension 'ignore'
[0.810s] Level 1:colcon.colcon_core.package_identification:_identify(log) ignored
[0.811s] Level 1:colcon.colcon_core.package_identification:_identify(logs) by extensions ['ignore', 'ignore_ament_install']
[0.811s] Level 1:colcon.colcon_core.package_identification:_identify(logs) by extension 'ignore'
[0.811s] Level 1:colcon.colcon_core.package_identification:_identify(logs) ignored
[0.811s] Level 1:colcon.colcon_core.package_identification:_identify(src) by extensions ['ignore', 'ignore_ament_install']
[0.811s] Level 1:colcon.colcon_core.package_identification:_identify(src) by extension 'ignore'
[0.811s] Level 1:colcon.colcon_core.package_identification:_identify(src) by extension 'ignore_ament_install'
[0.811s] Level 1:colcon.colcon_core.package_identification:_identify(src) by extensions ['colcon_pkg']
[0.811s] Level 1:colcon.colcon_core.package_identification:_identify(src) by extension 'colcon_pkg'
[0.811s] Level 1:colcon.colcon_core.package_identification:_identify(src) by extensions ['colcon_meta']
[0.811s] Level 1:colcon.colcon_core.package_identification:_identify(src) by extension 'colcon_meta'
[0.811s] Level 1:colcon.colcon_core.package_identification:_identify(src) by extensions ['ros']
[0.811s] Level 1:colcon.colcon_core.package_identification:_identify(src) by extension 'ros'
[0.811s] Level 1:colcon.colcon_core.package_identification:_identify(src) by extensions ['cmake', 'python']
[0.812s] Level 1:colcon.colcon_core.package_identification:_identify(src) by extension 'cmake'
[0.812s] Level 1:colcon.colcon_core.package_identification:_identify(src) by extension 'python'
[0.812s] Level 1:colcon.colcon_core.package_identification:_identify(src) by extensions ['python_setup_py']
[0.812s] Level 1:colcon.colcon_core.package_identification:_identify(src) by extension 'python_setup_py'
[0.812s] Level 1:colcon.colcon_core.package_identification:_identify(src/deps) by extensions ['ignore', 'ignore_ament_install']
[0.812s] Level 1:colcon.colcon_core.package_identification:_identify(src/deps) by extension 'ignore'
[0.812s] Level 1:colcon.colcon_core.package_identification:_identify(src/deps) by extension 'ignore_ament_install'
[0.812s] Level 1:colcon.colcon_core.package_identification:_identify(src/deps) by extensions ['colcon_pkg']
[0.812s] Level 1:colcon.colcon_core.package_identification:_identify(src/deps) by extension 'colcon_pkg'
[0.812s] Level 1:colcon.colcon_core.package_identification:_identify(src/deps) by extensions ['colcon_meta']
[0.812s] Level 1:colcon.colcon_core.package_identification:_identify(src/deps) by extension 'colcon_meta'
[0.812s] Level 1:colcon.colcon_core.package_identification:_identify(src/deps) by extensions ['ros']
[0.812s] Level 1:colcon.colcon_core.package_identification:_identify(src/deps) by extension 'ros'
[0.812s] Level 1:colcon.colcon_core.package_identification:_identify(src/deps) by extensions ['cmake', 'python']
[0.813s] Level 1:colcon.colcon_core.package_identification:_identify(src/deps) by extension 'cmake'
[0.813s] Level 1:colcon.colcon_core.package_identification:_identify(src/deps) by extension 'python'
[0.813s] Level 1:colcon.colcon_core.package_identification:_identify(src/deps) by extensions ['python_setup_py']
[0.813s] Level 1:colcon.colcon_core.package_identification:_identify(src/deps) by extension 'python_setup_py'
[0.813s] Level 1:colcon.colcon_core.package_identification:_identify(src/deps/turtlebot3-description-reduced-mesh) by extensions ['ignore', 'ignore_ament_install']
[0.813s] Level 1:colcon.colcon_core.package_identification:_identify(src/deps/turtlebot3-description-reduced-mesh) by extension 'ignore'
[0.813s] Level 1:colcon.colcon_core.package_identification:_identify(src/deps/turtlebot3-description-reduced-mesh) by extension 'ignore_ament_install'
[0.813s] Level 1:colcon.colcon_core.package_identification:_identify(src/deps/turtlebot3-description-reduced-mesh) by extensions ['colcon_pkg']
[0.813s] Level 1:colcon.colcon_core.package_identification:_identify(src/deps/turtlebot3-description-reduced-mesh) by extension 'colcon_pkg'
[0.813s] Level 1:colcon.colcon_core.package_identification:_identify(src/deps/turtlebot3-description-reduced-mesh) by extensions ['colcon_meta']
[0.813s] Level 1:colcon.colcon_core.package_identification:_identify(src/deps/turtlebot3-description-reduced-mesh) by extension 'colcon_meta'
[0.813s] Level 1:colcon.colcon_core.package_identification:_identify(src/deps/turtlebot3-description-reduced-mesh) by extensions ['ros']
[0.813s] Level 1:colcon.colcon_core.package_identification:_identify(src/deps/turtlebot3-description-reduced-mesh) by extension 'ros'
[0.816s] DEBUG:colcon.colcon_core.package_identification:Package 'src/deps/turtlebot3-description-reduced-mesh' with type 'ros.catkin' and name 'turtlebot3_description_reduced_mesh'
[0.817s] Level 1:colcon.colcon_core.package_identification:_identify(src/hello_world_robot) by extensions ['ignore', 'ignore_ament_install']
[0.817s] Level 1:colcon.colcon_core.package_identification:_identify(src/hello_world_robot) by extension 'ignore'
[0.817s] Level 1:colcon.colcon_core.package_identification:_identify(src/hello_world_robot) by extension 'ignore_ament_install'
[0.817s] Level 1:colcon.colcon_core.package_identification:_identify(src/hello_world_robot) by extensions ['colcon_pkg']
[0.817s] Level 1:colcon.colcon_core.package_identification:_identify(src/hello_world_robot) by extension 'colcon_pkg'
[0.817s] Level 1:colcon.colcon_core.package_identification:_identify(src/hello_world_robot) by extensions ['colcon_meta']
[0.817s] Level 1:colcon.colcon_core.package_identification:_identify(src/hello_world_robot) by extension 'colcon_meta'
[0.817s] Level 1:colcon.colcon_core.package_identification:_identify(src/hello_world_robot) by extensions ['ros']
[0.817s] Level 1:colcon.colcon_core.package_identification:_identify(src/hello_world_robot) by extension 'ros'
[0.819s] DEBUG:colcon.colcon_core.package_identification:Package 'src/hello_world_robot' with type 'ros.catkin' and name 'hello_world_robot'
[0.819s] Level 1:colcon.colcon_core.package_discovery:discover_packages(recursive) using defaults
[0.819s] Level 1:colcon.colcon_core.package_discovery:discover_packages(ignore) discover
[0.819s] Level 1:colcon.colcon_core.package_discovery:discover_packages(ignore) using defaults
[0.819s] Level 1:colcon.colcon_core.package_discovery:discover_packages(path) discover
[0.819s] Level 1:colcon.colcon_core.package_discovery:discover_packages(path) using defaults
[0.884s] Level 5:colcon.colcon_core.verb:set package 'turtlebot3_description_reduced_mesh' build argument 'cmake_args' from command line to 'None'
[0.884s] Level 5:colcon.colcon_core.verb:set package 'turtlebot3_description_reduced_mesh' build argument 'cmake_target' from command line to 'None'
[0.884s] Level 5:colcon.colcon_core.verb:set package 'turtlebot3_description_reduced_mesh' build argument 'cmake_target_skip_unavailable' from command line to 'False'
[0.884s] Level 5:colcon.colcon_core.verb:set package 'turtlebot3_description_reduced_mesh' build argument 'cmake_clean_cache' from command line to 'False'
[0.884s] Level 5:colcon.colcon_core.verb:set package 'turtlebot3_description_reduced_mesh' build argument 'cmake_clean_first' from command line to 'False'
[0.885s] Level 5:colcon.colcon_core.verb:set package 'turtlebot3_description_reduced_mesh' build argument 'cmake_force_configure' from command line to 'False'
[0.885s] Level 5:colcon.colcon_core.verb:set package 'turtlebot3_description_reduced_mesh' build argument 'ament_cmake_args' from command line to 'None'
[0.885s] Level 5:colcon.colcon_core.verb:set package 'turtlebot3_description_reduced_mesh' build argument 'catkin_cmake_args' from command line to 'None'
[0.885s] Level 5:colcon.colcon_core.verb:set package 'turtlebot3_description_reduced_mesh' build argument 'catkin_skip_building_tests' from command line to 'False'
[0.885s] DEBUG:colcon.colcon_core.verb:Building package 'turtlebot3_description_reduced_mesh' with the following arguments: {'ament_cmake_args': None, 'build_base': '/home/ubuntu/environment/aws-robomaker-sample-application-helloworld/robot_ws/build/turtlebot3_description_reduced_mesh', 'catkin_cmake_args': None, 'catkin_skip_building_tests': False, 'cmake_args': None, 'cmake_clean_cache': False, 'cmake_clean_first': False, 'cmake_force_configure': False, 'cmake_target': None, 'cmake_target_skip_unavailable': False, 'install_base': '/home/ubuntu/environment/aws-robomaker-sample-application-helloworld/robot_ws/install/turtlebot3_description_reduced_mesh', 'merge_install': False, 'path': '/home/ubuntu/environment/aws-robomaker-sample-application-helloworld/robot_ws/src/deps/turtlebot3-description-reduced-mesh', 'symlink_install': False, 'test_result_base': None}
[0.899s] Level 5:colcon.colcon_core.verb:set package 'hello_world_robot' build argument 'cmake_args' from command line to 'None'
[0.900s] Level 5:colcon.colcon_core.verb:set package 'hello_world_robot' build argument 'cmake_target' from command line to 'None'
[0.900s] Level 5:colcon.colcon_core.verb:set package 'hello_world_robot' build argument 'cmake_target_skip_unavailable' from command line to 'False'
[0.900s] Level 5:colcon.colcon_core.verb:set package 'hello_world_robot' build argument 'cmake_clean_cache' from command line to 'False'
[0.900s] Level 5:colcon.colcon_core.verb:set package 'hello_world_robot' build argument 'cmake_clean_first' from command line to 'False'
[0.900s] Level 5:colcon.colcon_core.verb:set package 'hello_world_robot' build argument 'cmake_force_configure' from command line to 'False'
[0.900s] Level 5:colcon.colcon_core.verb:set package 'hello_world_robot' build argument 'ament_cmake_args' from command line to 'None'
[0.900s] Level 5:colcon.colcon_core.verb:set package 'hello_world_robot' build argument 'catkin_cmake_args' from command line to 'None'
[0.900s] Level 5:colcon.colcon_core.verb:set package 'hello_world_robot' build argument 'catkin_skip_building_tests' from command line to 'False'
[0.900s] DEBUG:colcon.colcon_core.verb:Building package 'hello_world_robot' with the following arguments: {'ament_cmake_args': None, 'build_base': '/home/ubuntu/environment/aws-robomaker-sample-application-helloworld/robot_ws/build/hello_world_robot', 'catkin_cmake_args': None, 'catkin_skip_building_tests': False, 'cmake_args': None, 'cmake_clean_cache': False, 'cmake_clean_first': False, 'cmake_force_configure': False, 'cmake_target': None, 'cmake_target_skip_unavailable': False, 'install_base': '/home/ubuntu/environment/aws-robomaker-sample-application-helloworld/robot_ws/install/hello_world_robot', 'merge_install': False, 'path': '/home/ubuntu/environment/aws-robomaker-sample-application-helloworld/robot_ws/src/hello_world_robot', 'symlink_install': False, 'test_result_base': None}
[0.904s] INFO:colcon.colcon_core.executor:Executing jobs using 'parallel' executor
[0.930s] DEBUG:colcon.colcon_parallel_executor.executor.parallel:run_until_complete
[0.930s] INFO:colcon.colcon_ros.task.catkin.build:Building ROS package in '/home/ubuntu/environment/aws-robomaker-sample-application-helloworld/robot_ws/src/deps/turtlebot3-description-reduced-mesh' with build type 'catkin'
[0.930s] INFO:colcon.colcon_cmake.task.cmake.build:Building CMake package in '/home/ubuntu/environment/aws-robomaker-sample-application-helloworld/robot_ws/src/deps/turtlebot3-description-reduced-mesh'
[0.944s] INFO:colcon.colcon_core.plugin_system:Skipping extension 'colcon_core.shell.bat': Not used on non-Windows systems
[0.945s] INFO:colcon.colcon_core.shell:Skip shell extension 'powershell' for command environment: Not usable outside of PowerShell
[0.945s] DEBUG:colcon.colcon_core.shell:Skip shell extension 'dsv' for command environment
[0.953s] DEBUG:colcon.colcon_core.shell:Ignoring prefix path '/opt/ros/melodic'
[0.964s] DEBUG:colcon.colcon_core.event_handler.log_command:Invoking command in '/home/ubuntu/environment/aws-robomaker-sample-application-helloworld/robot_ws/build/turtlebot3_description_reduced_mesh': /usr/bin/cmake /home/ubuntu/environment/aws-robomaker-sample-application-helloworld/robot_ws/src/deps/turtlebot3-description-reduced-mesh -DCATKIN_INSTALL_INTO_PREFIX_ROOT=0 -DCMAKE_INSTALL_PREFIX=/home/ubuntu/environment/aws-robomaker-sample-application-helloworld/robot_ws/install/turtlebot3_description_reduced_mesh
[3.786s] DEBUG:colcon.colcon_core.event_handler.log_command:Invoked command in '/home/ubuntu/environment/aws-robomaker-sample-application-helloworld/robot_ws/build/turtlebot3_description_reduced_mesh' returned '0': /usr/bin/cmake /home/ubuntu/environment/aws-robomaker-sample-application-helloworld/robot_ws/src/deps/turtlebot3-description-reduced-mesh -DCATKIN_INSTALL_INTO_PREFIX_ROOT=0 -DCMAKE_INSTALL_PREFIX=/home/ubuntu/environment/aws-robomaker-sample-application-helloworld/robot_ws/install/turtlebot3_description_reduced_mesh
[3.789s] DEBUG:colcon.colcon_core.event_handler.log_command:Invoking command in '/home/ubuntu/environment/aws-robomaker-sample-application-helloworld/robot_ws/build/turtlebot3_description_reduced_mesh': /usr/bin/cmake --build /home/ubuntu/environment/aws-robomaker-sample-application-helloworld/robot_ws/build/turtlebot3_description_reduced_mesh -- -j4 -l4
[3.835s] DEBUG:colcon.colcon_core.event_handler.log_command:Invoked command in '/home/ubuntu/environment/aws-robomaker-sample-application-helloworld/robot_ws/build/turtlebot3_description_reduced_mesh' returned '0': /usr/bin/cmake --build /home/ubuntu/environment/aws-robomaker-sample-application-helloworld/robot_ws/build/turtlebot3_description_reduced_mesh -- -j4 -l4
[3.905s] DEBUG:colcon.colcon_core.event_handler.log_command:Invoking command in '/home/ubuntu/environment/aws-robomaker-sample-application-helloworld/robot_ws/build/turtlebot3_description_reduced_mesh': /usr/bin/cmake --build /home/ubuntu/environment/aws-robomaker-sample-application-helloworld/robot_ws/build/turtlebot3_description_reduced_mesh --target tests -- -j4 -l4
[3.980s] DEBUG:colcon.colcon_core.event_handler.log_command:Invoked command in '/home/ubuntu/environment/aws-robomaker-sample-application-helloworld/robot_ws/build/turtlebot3_description_reduced_mesh' returned '0': /usr/bin/cmake --build /home/ubuntu/environment/aws-robomaker-sample-application-helloworld/robot_ws/build/turtlebot3_description_reduced_mesh --target tests -- -j4 -l4
[4.056s] DEBUG:colcon.colcon_core.event_handler.log_command:Invoking command in '/home/ubuntu/environment/aws-robomaker-sample-application-helloworld/robot_ws/build/turtlebot3_description_reduced_mesh': /usr/bin/cmake --build /home/ubuntu/environment/aws-robomaker-sample-application-helloworld/robot_ws/build/turtlebot3_description_reduced_mesh --target install -- -j4 -l4
[4.189s] DEBUG:colcon.colcon_core.event_handler.log_command:Invoked command in '/home/ubuntu/environment/aws-robomaker-sample-application-helloworld/robot_ws/build/turtlebot3_description_reduced_mesh' returned '0': /usr/bin/cmake --build /home/ubuntu/environment/aws-robomaker-sample-application-helloworld/robot_ws/build/turtlebot3_description_reduced_mesh --target install -- -j4 -l4
[4.254s] Level 1:colcon.colcon_core.shell:create_environment_hook('turtlebot3_description_reduced_mesh', 'ros_package_path')
[4.266s] INFO:colcon.colcon_core.shell:Creating environment hook '/home/ubuntu/environment/aws-robomaker-sample-application-helloworld/robot_ws/install/turtlebot3_description_reduced_mesh/share/turtlebot3_description_reduced_mesh/hook/ros_package_path.ps1'
[4.267s] INFO:colcon.colcon_core.shell:Creating environment descriptor '/home/ubuntu/environment/aws-robomaker-sample-application-helloworld/robot_ws/install/turtlebot3_description_reduced_mesh/share/turtlebot3_description_reduced_mesh/hook/ros_package_path.dsv'
[4.268s] INFO:colcon.colcon_core.shell:Creating environment hook '/home/ubuntu/environment/aws-robomaker-sample-application-helloworld/robot_ws/install/turtlebot3_description_reduced_mesh/share/turtlebot3_description_reduced_mesh/hook/ros_package_path.sh'
[4.269s] Level 1:colcon.colcon_ros.task.catkin:checking '/home/ubuntu/environment/aws-robomaker-sample-application-helloworld/robot_ws/install/turtlebot3_description_reduced_mesh/lib/python2.7/dist-packages'
[4.269s] Level 1:colcon.colcon_core.shell:create_environment_hook('turtlebot3_description_reduced_mesh', 'pkg_config_path')
[4.280s] INFO:colcon.colcon_core.shell:Creating environment hook '/home/ubuntu/environment/aws-robomaker-sample-application-helloworld/robot_ws/install/turtlebot3_description_reduced_mesh/share/turtlebot3_description_reduced_mesh/hook/pkg_config_path.ps1'
[4.280s] INFO:colcon.colcon_core.shell:Creating environment descriptor '/home/ubuntu/environment/aws-robomaker-sample-application-helloworld/robot_ws/install/turtlebot3_description_reduced_mesh/share/turtlebot3_description_reduced_mesh/hook/pkg_config_path.dsv'
[4.281s] INFO:colcon.colcon_core.shell:Creating environment hook '/home/ubuntu/environment/aws-robomaker-sample-application-helloworld/robot_ws/install/turtlebot3_description_reduced_mesh/share/turtlebot3_description_reduced_mesh/hook/pkg_config_path.sh'
[4.283s] Level 1:colcon.colcon_core.shell:create_environment_hook('turtlebot3_description_reduced_mesh', 'pkg_config_path_multiarch')
[4.296s] INFO:colcon.colcon_core.shell:Creating environment hook '/home/ubuntu/environment/aws-robomaker-sample-application-helloworld/robot_ws/install/turtlebot3_description_reduced_mesh/share/turtlebot3_description_reduced_mesh/hook/pkg_config_path_multiarch.ps1'
[4.296s] INFO:colcon.colcon_core.shell:Creating environment descriptor '/home/ubuntu/environment/aws-robomaker-sample-application-helloworld/robot_ws/install/turtlebot3_description_reduced_mesh/share/turtlebot3_description_reduced_mesh/hook/pkg_config_path_multiarch.dsv'
[4.297s] INFO:colcon.colcon_core.shell:Creating environment hook '/home/ubuntu/environment/aws-robomaker-sample-application-helloworld/robot_ws/install/turtlebot3_description_reduced_mesh/share/turtlebot3_description_reduced_mesh/hook/pkg_config_path_multiarch.sh'
[4.309s] Level 1:colcon.colcon_core.environment:create_environment_scripts_only(turtlebot3_description_reduced_mesh)
[4.323s] Level 1:colcon.colcon_core.environment:checking '/home/ubuntu/environment/aws-robomaker-sample-application-helloworld/robot_ws/install/turtlebot3_description_reduced_mesh' for CMake module files
[4.324s] Level 1:colcon.colcon_core.environment:checking '/home/ubuntu/environment/aws-robomaker-sample-application-helloworld/robot_ws/install/turtlebot3_description_reduced_mesh' for CMake config files
[4.324s] Level 1:colcon.colcon_core.shell:create_environment_hook('turtlebot3_description_reduced_mesh', 'cmake_prefix_path')
[4.335s] INFO:colcon.colcon_core.shell:Creating environment hook '/home/ubuntu/environment/aws-robomaker-sample-application-helloworld/robot_ws/install/turtlebot3_description_reduced_mesh/share/turtlebot3_description_reduced_mesh/hook/cmake_prefix_path.ps1'
[4.335s] INFO:colcon.colcon_core.shell:Creating environment descriptor '/home/ubuntu/environment/aws-robomaker-sample-application-helloworld/robot_ws/install/turtlebot3_description_reduced_mesh/share/turtlebot3_description_reduced_mesh/hook/cmake_prefix_path.dsv'
[4.336s] INFO:colcon.colcon_core.shell:Creating environment hook '/home/ubuntu/environment/aws-robomaker-sample-application-helloworld/robot_ws/install/turtlebot3_description_reduced_mesh/share/turtlebot3_description_reduced_mesh/hook/cmake_prefix_path.sh'
[4.337s] Level 1:colcon.colcon_core.environment:checking '/home/ubuntu/environment/aws-robomaker-sample-application-helloworld/robot_ws/install/turtlebot3_description_reduced_mesh/lib'
[4.337s] Level 1:colcon.colcon_core.environment:checking '/home/ubuntu/environment/aws-robomaker-sample-application-helloworld/robot_ws/install/turtlebot3_description_reduced_mesh/bin'
[4.337s] Level 1:colcon.colcon_core.environment:checking '/home/ubuntu/environment/aws-robomaker-sample-application-helloworld/robot_ws/install/turtlebot3_description_reduced_mesh/lib/pkgconfig/turtlebot3_description_reduced_mesh.pc'
[4.337s] Level 1:colcon.colcon_core.shell:create_environment_hook('turtlebot3_description_reduced_mesh', 'pkg_config')
[4.348s] INFO:colcon.colcon_core.shell:Creating environment hook '/home/ubuntu/environment/aws-robomaker-sample-application-helloworld/robot_ws/install/turtlebot3_description_reduced_mesh/share/turtlebot3_description_reduced_mesh/hook/pkg_config.ps1'
[4.349s] INFO:colcon.colcon_core.shell:Creating environment descriptor '/home/ubuntu/environment/aws-robomaker-sample-application-helloworld/robot_ws/install/turtlebot3_description_reduced_mesh/share/turtlebot3_description_reduced_mesh/hook/pkg_config.dsv'
[4.349s] INFO:colcon.colcon_core.shell:Creating environment hook '/home/ubuntu/environment/aws-robomaker-sample-application-helloworld/robot_ws/install/turtlebot3_description_reduced_mesh/share/turtlebot3_description_reduced_mesh/hook/pkg_config.sh'
[4.350s] Level 1:colcon.colcon_core.environment:checking '/home/ubuntu/environment/aws-robomaker-sample-application-helloworld/robot_ws/install/turtlebot3_description_reduced_mesh/lib/python3.6/site-packages'
[4.361s] INFO:colcon.colcon_core.shell:Creating package script '/home/ubuntu/environment/aws-robomaker-sample-application-helloworld/robot_ws/install/turtlebot3_description_reduced_mesh/share/turtlebot3_description_reduced_mesh/package.ps1'
[4.362s] INFO:colcon.colcon_core.shell:Creating package descriptor '/home/ubuntu/environment/aws-robomaker-sample-application-helloworld/robot_ws/install/turtlebot3_description_reduced_mesh/share/turtlebot3_description_reduced_mesh/package.dsv'
[4.364s] INFO:colcon.colcon_core.shell:Creating package script '/home/ubuntu/environment/aws-robomaker-sample-application-helloworld/robot_ws/install/turtlebot3_description_reduced_mesh/share/turtlebot3_description_reduced_mesh/package.sh'
[4.365s] INFO:colcon.colcon_core.shell:Creating package script '/home/ubuntu/environment/aws-robomaker-sample-application-helloworld/robot_ws/install/turtlebot3_description_reduced_mesh/share/turtlebot3_description_reduced_mesh/package.bash'
[4.365s] INFO:colcon.colcon_core.shell:Creating package script '/home/ubuntu/environment/aws-robomaker-sample-application-helloworld/robot_ws/install/turtlebot3_description_reduced_mesh/share/turtlebot3_description_reduced_mesh/package.zsh'
[4.366s] Level 1:colcon.colcon_core.environment:create_file_with_runtime_dependencies(/home/ubuntu/environment/aws-robomaker-sample-application-helloworld/robot_ws/install/turtlebot3_description_reduced_mesh/share/colcon-core/packages/turtlebot3_description_reduced_mesh)
[4.367s] INFO:colcon.colcon_ros.task.catkin.build:Building ROS package in '/home/ubuntu/environment/aws-robomaker-sample-application-helloworld/robot_ws/src/hello_world_robot' with build type 'catkin'
[4.367s] INFO:colcon.colcon_cmake.task.cmake.build:Building CMake package in '/home/ubuntu/environment/aws-robomaker-sample-application-helloworld/robot_ws/src/hello_world_robot'
[4.379s] INFO:colcon.colcon_core.shell:Skip shell extension 'powershell' for command environment: Not usable outside of PowerShell
[4.379s] DEBUG:colcon.colcon_core.shell:Skip shell extension 'dsv' for command environment
[4.388s] DEBUG:colcon.colcon_core.shell:Ignoring prefix path '/opt/ros/melodic'
[4.399s] DEBUG:colcon.colcon_core.event_handler.log_command:Invoking command in '/home/ubuntu/environment/aws-robomaker-sample-application-helloworld/robot_ws/build/hello_world_robot': CMAKE_PREFIX_PATH=/home/ubuntu/environment/aws-robomaker-sample-application-helloworld/robot_ws/install/turtlebot3_description_reduced_mesh:${CMAKE_PREFIX_PATH} PKG_CONFIG_PATH=/home/ubuntu/environment/aws-robomaker-sample-application-helloworld/robot_ws/install/turtlebot3_description_reduced_mesh/lib/x86_64-linux-gnu/pkgconfig:/home/ubuntu/environment/aws-robomaker-sample-application-helloworld/robot_ws/install/turtlebot3_description_reduced_mesh/lib/pkgconfig:${PKG_CONFIG_PATH} ROS_PACKAGE_PATH=/home/ubuntu/environment/aws-robomaker-sample-application-helloworld/robot_ws/install/turtlebot3_description_reduced_mesh/share:${ROS_PACKAGE_PATH} /usr/bin/cmake --build /home/ubuntu/environment/aws-robomaker-sample-application-helloworld/robot_ws/build/hello_world_robot -- -j4 -l4
[4.457s] DEBUG:colcon.colcon_core.event_handler.log_command:Invoked command in '/home/ubuntu/environment/aws-robomaker-sample-application-helloworld/robot_ws/build/hello_world_robot' returned '0': CMAKE_PREFIX_PATH=/home/ubuntu/environment/aws-robomaker-sample-application-helloworld/robot_ws/install/turtlebot3_description_reduced_mesh:${CMAKE_PREFIX_PATH} PKG_CONFIG_PATH=/home/ubuntu/environment/aws-robomaker-sample-application-helloworld/robot_ws/install/turtlebot3_description_reduced_mesh/lib/x86_64-linux-gnu/pkgconfig:/home/ubuntu/environment/aws-robomaker-sample-application-helloworld/robot_ws/install/turtlebot3_description_reduced_mesh/lib/pkgconfig:${PKG_CONFIG_PATH} ROS_PACKAGE_PATH=/home/ubuntu/environment/aws-robomaker-sample-application-helloworld/robot_ws/install/turtlebot3_description_reduced_mesh/share:${ROS_PACKAGE_PATH} /usr/bin/cmake --build /home/ubuntu/environment/aws-robomaker-sample-application-helloworld/robot_ws/build/hello_world_robot -- -j4 -l4
[4.507s] DEBUG:colcon.colcon_core.event_handler.log_command:Invoking command in '/home/ubuntu/environment/aws-robomaker-sample-application-helloworld/robot_ws/build/hello_world_robot': CMAKE_PREFIX_PATH=/home/ubuntu/environment/aws-robomaker-sample-application-helloworld/robot_ws/install/turtlebot3_description_reduced_mesh:${CMAKE_PREFIX_PATH} PKG_CONFIG_PATH=/home/ubuntu/environment/aws-robomaker-sample-application-helloworld/robot_ws/install/turtlebot3_description_reduced_mesh/lib/x86_64-linux-gnu/pkgconfig:/home/ubuntu/environment/aws-robomaker-sample-application-helloworld/robot_ws/install/turtlebot3_description_reduced_mesh/lib/pkgconfig:${PKG_CONFIG_PATH} ROS_PACKAGE_PATH=/home/ubuntu/environment/aws-robomaker-sample-application-helloworld/robot_ws/install/turtlebot3_description_reduced_mesh/share:${ROS_PACKAGE_PATH} /usr/bin/cmake --build /home/ubuntu/environment/aws-robomaker-sample-application-helloworld/robot_ws/build/hello_world_robot --target tests -- -j4 -l4
[4.582s] DEBUG:colcon.colcon_core.event_handler.log_command:Invoked command in '/home/ubuntu/environment/aws-robomaker-sample-application-helloworld/robot_ws/build/hello_world_robot' returned '0': CMAKE_PREFIX_PATH=/home/ubuntu/environment/aws-robomaker-sample-application-helloworld/robot_ws/install/turtlebot3_description_reduced_mesh:${CMAKE_PREFIX_PATH} PKG_CONFIG_PATH=/home/ubuntu/environment/aws-robomaker-sample-application-helloworld/robot_ws/install/turtlebot3_description_reduced_mesh/lib/x86_64-linux-gnu/pkgconfig:/home/ubuntu/environment/aws-robomaker-sample-application-helloworld/robot_ws/install/turtlebot3_description_reduced_mesh/lib/pkgconfig:${PKG_CONFIG_PATH} ROS_PACKAGE_PATH=/home/ubuntu/environment/aws-robomaker-sample-application-helloworld/robot_ws/install/turtlebot3_description_reduced_mesh/share:${ROS_PACKAGE_PATH} /usr/bin/cmake --build /home/ubuntu/environment/aws-robomaker-sample-application-helloworld/robot_ws/build/hello_world_robot --target tests -- -j4 -l4
[4.631s] DEBUG:colcon.colcon_core.event_handler.log_command:Invoking command in '/home/ubuntu/environment/aws-robomaker-sample-application-helloworld/robot_ws/build/hello_world_robot': CMAKE_PREFIX_PATH=/home/ubuntu/environment/aws-robomaker-sample-application-helloworld/robot_ws/install/turtlebot3_description_reduced_mesh:${CMAKE_PREFIX_PATH} PKG_CONFIG_PATH=/home/ubuntu/environment/aws-robomaker-sample-application-helloworld/robot_ws/install/turtlebot3_description_reduced_mesh/lib/x86_64-linux-gnu/pkgconfig:/home/ubuntu/environment/aws-robomaker-sample-application-helloworld/robot_ws/install/turtlebot3_description_reduced_mesh/lib/pkgconfig:${PKG_CONFIG_PATH} ROS_PACKAGE_PATH=/home/ubuntu/environment/aws-robomaker-sample-application-helloworld/robot_ws/install/turtlebot3_description_reduced_mesh/share:${ROS_PACKAGE_PATH} /usr/bin/cmake --build /home/ubuntu/environment/aws-robomaker-sample-application-helloworld/robot_ws/build/hello_world_robot --target install -- -j4 -l4
[4.755s] DEBUG:colcon.colcon_core.event_handler.log_command:Invoked command in '/home/ubuntu/environment/aws-robomaker-sample-application-helloworld/robot_ws/build/hello_world_robot' returned '0': CMAKE_PREFIX_PATH=/home/ubuntu/environment/aws-robomaker-sample-application-helloworld/robot_ws/install/turtlebot3_description_reduced_mesh:${CMAKE_PREFIX_PATH} PKG_CONFIG_PATH=/home/ubuntu/environment/aws-robomaker-sample-application-helloworld/robot_ws/install/turtlebot3_description_reduced_mesh/lib/x86_64-linux-gnu/pkgconfig:/home/ubuntu/environment/aws-robomaker-sample-application-helloworld/robot_ws/install/turtlebot3_description_reduced_mesh/lib/pkgconfig:${PKG_CONFIG_PATH} ROS_PACKAGE_PATH=/home/ubuntu/environment/aws-robomaker-sample-application-helloworld/robot_ws/install/turtlebot3_description_reduced_mesh/share:${ROS_PACKAGE_PATH} /usr/bin/cmake --build /home/ubuntu/environment/aws-robomaker-sample-application-helloworld/robot_ws/build/hello_world_robot --target install -- -j4 -l4
[4.802s] Level 1:colcon.colcon_core.shell:create_environment_hook('hello_world_robot', 'ros_package_path')
[4.814s] INFO:colcon.colcon_core.shell:Creating environment hook '/home/ubuntu/environment/aws-robomaker-sample-application-helloworld/robot_ws/install/hello_world_robot/share/hello_world_robot/hook/ros_package_path.ps1'
[4.815s] INFO:colcon.colcon_core.shell:Creating environment descriptor '/home/ubuntu/environment/aws-robomaker-sample-application-helloworld/robot_ws/install/hello_world_robot/share/hello_world_robot/hook/ros_package_path.dsv'
[4.816s] INFO:colcon.colcon_core.shell:Creating environment hook '/home/ubuntu/environment/aws-robomaker-sample-application-helloworld/robot_ws/install/hello_world_robot/share/hello_world_robot/hook/ros_package_path.sh'
[4.816s] Level 1:colcon.colcon_ros.task.catkin:checking '/home/ubuntu/environment/aws-robomaker-sample-application-helloworld/robot_ws/install/hello_world_robot/lib/python2.7/dist-packages'
[4.816s] Level 1:colcon.colcon_core.shell:create_environment_hook('hello_world_robot', 'catkin_pythonpath')
[4.827s] INFO:colcon.colcon_core.shell:Creating environment hook '/home/ubuntu/environment/aws-robomaker-sample-application-helloworld/robot_ws/install/hello_world_robot/share/hello_world_robot/hook/catkin_pythonpath.ps1'
[4.828s] INFO:colcon.colcon_core.shell:Creating environment descriptor '/home/ubuntu/environment/aws-robomaker-sample-application-helloworld/robot_ws/install/hello_world_robot/share/hello_world_robot/hook/catkin_pythonpath.dsv'
[4.828s] INFO:colcon.colcon_core.shell:Creating environment hook '/home/ubuntu/environment/aws-robomaker-sample-application-helloworld/robot_ws/install/hello_world_robot/share/hello_world_robot/hook/catkin_pythonpath.sh'
[4.828s] Level 1:colcon.colcon_core.shell:create_environment_hook('hello_world_robot', 'pkg_config_path')
[4.839s] INFO:colcon.colcon_core.shell:Creating environment hook '/home/ubuntu/environment/aws-robomaker-sample-application-helloworld/robot_ws/install/hello_world_robot/share/hello_world_robot/hook/pkg_config_path.ps1'
[4.840s] INFO:colcon.colcon_core.shell:Creating environment descriptor '/home/ubuntu/environment/aws-robomaker-sample-application-helloworld/robot_ws/install/hello_world_robot/share/hello_world_robot/hook/pkg_config_path.dsv'
[4.840s] INFO:colcon.colcon_core.shell:Creating environment hook '/home/ubuntu/environment/aws-robomaker-sample-application-helloworld/robot_ws/install/hello_world_robot/share/hello_world_robot/hook/pkg_config_path.sh'
[4.841s] Level 1:colcon.colcon_core.shell:create_environment_hook('hello_world_robot', 'pkg_config_path_multiarch')
[4.852s] INFO:colcon.colcon_core.shell:Creating environment hook '/home/ubuntu/environment/aws-robomaker-sample-application-helloworld/robot_ws/install/hello_world_robot/share/hello_world_robot/hook/pkg_config_path_multiarch.ps1'
[4.853s] INFO:colcon.colcon_core.shell:Creating environment descriptor '/home/ubuntu/environment/aws-robomaker-sample-application-helloworld/robot_ws/install/hello_world_robot/share/hello_world_robot/hook/pkg_config_path_multiarch.dsv'
[4.853s] INFO:colcon.colcon_core.shell:Creating environment hook '/home/ubuntu/environment/aws-robomaker-sample-application-helloworld/robot_ws/install/hello_world_robot/share/hello_world_robot/hook/pkg_config_path_multiarch.sh'
[4.865s] Level 1:colcon.colcon_core.environment:create_environment_scripts_only(hello_world_robot)
[4.876s] Level 1:colcon.colcon_core.environment:checking '/home/ubuntu/environment/aws-robomaker-sample-application-helloworld/robot_ws/install/hello_world_robot' for CMake module files
[4.876s] Level 1:colcon.colcon_core.environment:checking '/home/ubuntu/environment/aws-robomaker-sample-application-helloworld/robot_ws/install/hello_world_robot' for CMake config files
[4.877s] Level 1:colcon.colcon_core.shell:create_environment_hook('hello_world_robot', 'cmake_prefix_path')
[4.887s] INFO:colcon.colcon_core.shell:Creating environment hook '/home/ubuntu/environment/aws-robomaker-sample-application-helloworld/robot_ws/install/hello_world_robot/share/hello_world_robot/hook/cmake_prefix_path.ps1'
[4.888s] INFO:colcon.colcon_core.shell:Creating environment descriptor '/home/ubuntu/environment/aws-robomaker-sample-application-helloworld/robot_ws/install/hello_world_robot/share/hello_world_robot/hook/cmake_prefix_path.dsv'
[4.888s] INFO:colcon.colcon_core.shell:Creating environment hook '/home/ubuntu/environment/aws-robomaker-sample-application-helloworld/robot_ws/install/hello_world_robot/share/hello_world_robot/hook/cmake_prefix_path.sh'
[4.889s] Level 1:colcon.colcon_core.environment:checking '/home/ubuntu/environment/aws-robomaker-sample-application-helloworld/robot_ws/install/hello_world_robot/lib'
[4.889s] Level 1:colcon.colcon_core.environment:checking '/home/ubuntu/environment/aws-robomaker-sample-application-helloworld/robot_ws/install/hello_world_robot/bin'
[4.889s] Level 1:colcon.colcon_core.environment:checking '/home/ubuntu/environment/aws-robomaker-sample-application-helloworld/robot_ws/install/hello_world_robot/lib/pkgconfig/hello_world_robot.pc'
[4.889s] Level 1:colcon.colcon_core.shell:create_environment_hook('hello_world_robot', 'pkg_config')
[4.900s] INFO:colcon.colcon_core.shell:Creating environment hook '/home/ubuntu/environment/aws-robomaker-sample-application-helloworld/robot_ws/install/hello_world_robot/share/hello_world_robot/hook/pkg_config.ps1'
[4.901s] INFO:colcon.colcon_core.shell:Creating environment descriptor '/home/ubuntu/environment/aws-robomaker-sample-application-helloworld/robot_ws/install/hello_world_robot/share/hello_world_robot/hook/pkg_config.dsv'
[4.901s] INFO:colcon.colcon_core.shell:Creating environment hook '/home/ubuntu/environment/aws-robomaker-sample-application-helloworld/robot_ws/install/hello_world_robot/share/hello_world_robot/hook/pkg_config.sh'
[4.902s] Level 1:colcon.colcon_core.environment:checking '/home/ubuntu/environment/aws-robomaker-sample-application-helloworld/robot_ws/install/hello_world_robot/lib/python3.6/site-packages'
[4.913s] INFO:colcon.colcon_core.shell:Creating package script '/home/ubuntu/environment/aws-robomaker-sample-application-helloworld/robot_ws/install/hello_world_robot/share/hello_world_robot/package.ps1'
[4.914s] INFO:colcon.colcon_core.shell:Creating package descriptor '/home/ubuntu/environment/aws-robomaker-sample-application-helloworld/robot_ws/install/hello_world_robot/share/hello_world_robot/package.dsv'
[4.914s] INFO:colcon.colcon_core.shell:Creating package script '/home/ubuntu/environment/aws-robomaker-sample-application-helloworld/robot_ws/install/hello_world_robot/share/hello_world_robot/package.sh'
[4.915s] INFO:colcon.colcon_core.shell:Creating package script '/home/ubuntu/environment/aws-robomaker-sample-application-helloworld/robot_ws/install/hello_world_robot/share/hello_world_robot/package.bash'
[4.915s] INFO:colcon.colcon_core.shell:Creating package script '/home/ubuntu/environment/aws-robomaker-sample-application-helloworld/robot_ws/install/hello_world_robot/share/hello_world_robot/package.zsh'
[4.916s] Level 1:colcon.colcon_core.environment:create_file_with_runtime_dependencies(/home/ubuntu/environment/aws-robomaker-sample-application-helloworld/robot_ws/install/hello_world_robot/share/colcon-core/packages/hello_world_robot)
[4.916s] DEBUG:colcon.colcon_parallel_executor.executor.parallel:closing loop
[4.917s] DEBUG:colcon.colcon_parallel_executor.executor.parallel:loop closed
[4.917s] DEBUG:colcon.colcon_parallel_executor.executor.parallel:run_until_complete finished with '0'
[4.917s] DEBUG:colcon.colcon_core.event_reactor:joining thread
[4.932s] INFO:colcon.colcon_core.plugin_system:Skipping extension 'colcon_notification.desktop_notification.terminal_notifier': Not used on non-Darwin systems
[4.932s] INFO:colcon.colcon_core.plugin_system:Skipping extension 'colcon_notification.desktop_notification.win32': Not used on non-Windows systems
[4.932s] INFO:colcon.colcon_notification.desktop_notification:Sending desktop notification using 'notify2'
[4.932s] DEBUG:colcon.colcon_notification.desktop_notification.notify2:Failed to initialize notify2: org.freedesktop.DBus.Error.NotSupported: Unable to autolaunch a dbus-daemon without a $DISPLAY for X11
[4.932s] DEBUG:colcon.colcon_core.event_reactor:joined thread
[4.944s] INFO:colcon.colcon_core.shell:Creating prefix script '/home/ubuntu/environment/aws-robomaker-sample-application-helloworld/robot_ws/install/local_setup.ps1'
[4.945s] INFO:colcon.colcon_core.shell:Creating prefix util module '/home/ubuntu/environment/aws-robomaker-sample-application-helloworld/robot_ws/install/_local_setup_util_ps1.py'
[4.946s] INFO:colcon.colcon_core.shell:Creating prefix chain script '/home/ubuntu/environment/aws-robomaker-sample-application-helloworld/robot_ws/install/setup.ps1'
[4.955s] INFO:colcon.colcon_core.shell:Creating prefix script '/home/ubuntu/environment/aws-robomaker-sample-application-helloworld/robot_ws/install/local_setup.sh'
[4.956s] INFO:colcon.colcon_core.shell:Creating prefix util module '/home/ubuntu/environment/aws-robomaker-sample-application-helloworld/robot_ws/install/_local_setup_util_sh.py'
[4.956s] INFO:colcon.colcon_core.shell:Creating prefix chain script '/home/ubuntu/environment/aws-robomaker-sample-application-helloworld/robot_ws/install/setup.sh'
[4.965s] INFO:colcon.colcon_core.shell:Creating prefix script '/home/ubuntu/environment/aws-robomaker-sample-application-helloworld/robot_ws/install/local_setup.bash'
[4.966s] INFO:colcon.colcon_core.shell:Creating prefix chain script '/home/ubuntu/environment/aws-robomaker-sample-application-helloworld/robot_ws/install/setup.bash'
[4.975s] INFO:colcon.colcon_core.shell:Creating prefix script '/home/ubuntu/environment/aws-robomaker-sample-application-helloworld/robot_ws/install/local_setup.zsh'
[4.975s] INFO:colcon.colcon_core.shell:Creating prefix chain script '/home/ubuntu/environment/aws-robomaker-sample-application-helloworld/robot_ws/install/setup.zsh'
