[0.000000] (-) TimerEvent: {}
[0.000208] (turtlebot3_description_reduced_mesh) JobQueued: {'identifier': 'turtlebot3_description_reduced_mesh', 'dependencies': OrderedDict()}
[0.000282] (hello_world_robot) JobQueued: {'identifier': 'hello_world_robot', 'dependencies': OrderedDict([('turtlebot3_description_reduced_mesh', '/home/ubuntu/environment/aws-robomaker-sample-application-helloworld/robot_ws/install/turtlebot3_description_reduced_mesh')])}
[0.000353] (turtlebot3_description_reduced_mesh) JobStarted: {'identifier': 'turtlebot3_description_reduced_mesh'}
[0.028252] (turtlebot3_description_reduced_mesh) JobProgress: {'identifier': 'turtlebot3_description_reduced_mesh', 'progress': 'cmake'}
[0.028781] (turtlebot3_description_reduced_mesh) Command: {'cmd': ['/usr/bin/cmake', '/home/ubuntu/environment/aws-robomaker-sample-application-helloworld/robot_ws/src/deps/turtlebot3-description-reduced-mesh', '-DCATKIN_INSTALL_INTO_PREFIX_ROOT=0', '-DCMAKE_INSTALL_PREFIX=/home/ubuntu/environment/aws-robomaker-sample-application-helloworld/robot_ws/install/turtlebot3_description_reduced_mesh'], 'cwd': '/home/ubuntu/environment/aws-robomaker-sample-application-helloworld/robot_ws/build/turtlebot3_description_reduced_mesh', 'env': OrderedDict([('HISTFILESIZE', '100000'), ('TMUX', '/tmp/tmux-1000/cloud92.2,10531,0'), ('MAIL', '/var/mail/ubuntu'), ('USER', 'ubuntu'), ('SSH_CLIENT', '35.172.155.194 24598 22'), ('ROS_PACKAGE_PATH', '/home/ubuntu/environment/aws-robomaker-sample-application-helloworld/simulation_ws/install/hello_world_simulation/share:/opt/ros/melodic/share'), ('LD_LIBRARY_PATH', '/opt/ros/melodic/lib'), ('ROS_ETC_DIR', '/opt/ros/melodic/etc/ros'), ('SHLVL', '5'), ('OLDPWD', '/home/ubuntu/environment/aws-robomaker-sample-application-helloworld'), ('HOME', '/home/ubuntu'), ('PORT', '8080'), ('ISOUTPUTPANE', '0'), ('NVM_BIN', '/home/ubuntu/.nvm/versions/node/v8.17.0/bin'), ('NVM_NODEJS_ORG_MIRROR', 'https://nodejs.org/dist'), ('ROS_PYTHON_VERSION', '2'), ('C9_USER', 'voclabs'), ('NVM_DIR', '/home/ubuntu/.nvm'), ('NVM_PATH', '/home/ubuntu/.nvm/versions/node/v8.17.0/lib/node'), ('COLCON_PREFIX_PATH', '/home/ubuntu/environment/aws-robomaker-sample-application-helloworld/simulation_ws/install'), ('ROS_DISTRO', 'melodic'), ('HGUSER', 'voclabs'), ('LOGNAME', 'ubuntu'), ('rvm_bin_path', '/usr/local/rvm/bin'), ('_', '/usr/local/bin/colcon'), ('RUBY_VERSION', 'ruby-2.6.6'), ('ROS_VERSION', '1'), ('C9_PORT', '8080'), ('PKG_CONFIG_PATH', '/home/ubuntu/environment/aws-robomaker-sample-application-helloworld/simulation_ws/install/hello_world_simulation/lib/x86_64-linux-gnu/pkgconfig:/home/ubuntu/environment/aws-robomaker-sample-application-helloworld/simulation_ws/install/hello_world_simulation/lib/pkgconfig:/opt/ros/melodic/lib/pkgconfig'), ('IRBRC', '/usr/local/rvm/rubies/ruby-2.6.6/.irbrc'), ('XDG_SESSION_ID', '485'), ('TERM', 'screen'), ('PATH', '/home/ubuntu/.nvm/versions/node/v8.17.0/bin:/opt/ros/melodic/bin:/usr/local/rvm/gems/ruby-2.6.6/bin:/usr/local/rvm/gems/ruby-2.6.6@global/bin:/usr/local/rvm/rubies/ruby-2.6.6/bin:/usr/local/sbin:/usr/local/bin:/usr/sbin:/usr/bin:/sbin:/bin:/usr/games:/usr/local/games:/snap/bin:/home/ubuntu/.local/bin:/home/ubuntu/bin:/home/ubuntu/.local/bin:/home/ubuntu/bin:/usr/local/rvm/bin:/home/ubuntu/.local/bin:/home/ubuntu/bin'), ('NVM_IOJS_ORG_MIRROR', 'https://iojs.org/dist'), ('XDG_RUNTIME_DIR', '/run/user/1000'), ('MY_RUBY_HOME', '/usr/local/rvm/rubies/ruby-2.6.6'), ('LANG', 'C.UTF-8'), ('HISTSIZE', '100000'), ('ROS_ROOT', '/opt/ros/melodic/share/ros'), ('ROSLISP_PACKAGE_DIRECTORIES', ''), ('C9_HOSTNAME', '52.207.239.115'), ('NODE_PATH', '/home/ubuntu/.c9/node_modules'), ('SHELL', '/bin/bash'), ('ROS_MASTER_URI', 'http://localhost:11311'), ('rvm_prefix', '/usr/local'), ('PROMPT_COMMAND', 'history -a;'), ('GEM_HOME', '/usr/local/rvm/gems/ruby-2.6.6'), ('C9_PID', 'd0e321718f0a4d0e8bcf1b64cf2405e7'), ('rvm_version', '1.29.12 (latest)'), ('C9_PROJECT', 'ros_melodic'), ('PWD', '/home/ubuntu/environment/aws-robomaker-sample-application-helloworld/robot_ws/build/turtlebot3_description_reduced_mesh'), ('GEM_PATH', '/usr/local/rvm/gems/ruby-2.6.6:/usr/local/rvm/gems/ruby-2.6.6@global'), ('SSH_CONNECTION', '35.172.155.194 24598 172.31.83.243 22'), ('NVM_CD_FLAGS', ''), ('XDG_DATA_DIRS', '/usr/local/share:/usr/share:/var/lib/snapd/desktop'), ('IP', '127.0.0.1'), ('PYTHONPATH', '/opt/ros/melodic/lib/python2.7/dist-packages'), ('COLCON', '1'), ('rvm_path', '/usr/local/rvm'), ('TMUX_PANE', '%0'), ('MANPATH', '/home/ubuntu/.nvm/versions/node/v8.17.0/share/man:/usr/local/rvm/rubies/ruby-2.6.6/share/man:/usr/local/man:/usr/local/share/man:/usr/share/man:/usr/local/rvm/man'), ('EDITOR', ''), ('CMAKE_PREFIX_PATH', '/home/ubuntu/environment/aws-robomaker-sample-application-helloworld/simulation_ws/install/hello_world_simulation:/opt/ros/melodic')]), 'shell': False}
[0.098965] (-) TimerEvent: {}
[0.199421] (-) TimerEvent: {}
[0.299784] (-) TimerEvent: {}
[0.400223] (-) TimerEvent: {}
[0.427624] (turtlebot3_description_reduced_mesh) StdoutLine: {'line': b'-- The C compiler identification is GNU 7.5.0\n'}
[0.500396] (-) TimerEvent: {}
[0.600831] (-) TimerEvent: {}
[0.701270] (-) TimerEvent: {}
[0.741874] (turtlebot3_description_reduced_mesh) StdoutLine: {'line': b'-- The CXX compiler identification is GNU 7.5.0\n'}
[0.759290] (turtlebot3_description_reduced_mesh) StdoutLine: {'line': b'-- Check for working C compiler: /usr/bin/cc\n'}
[0.801396] (-) TimerEvent: {}
[0.828597] (turtlebot3_description_reduced_mesh) StdoutLine: {'line': b'-- Check for working C compiler: /usr/bin/cc -- works\n'}
[0.833071] (turtlebot3_description_reduced_mesh) StdoutLine: {'line': b'-- Detecting C compiler ABI info\n'}
[0.901597] (-) TimerEvent: {}
[0.902392] (turtlebot3_description_reduced_mesh) StdoutLine: {'line': b'-- Detecting C compiler ABI info - done\n'}
[0.912896] (turtlebot3_description_reduced_mesh) StdoutLine: {'line': b'-- Detecting C compile features\n'}
[1.001788] (-) TimerEvent: {}
[1.102251] (-) TimerEvent: {}
[1.115635] (turtlebot3_description_reduced_mesh) StdoutLine: {'line': b'-- Detecting C compile features - done\n'}
[1.122014] (turtlebot3_description_reduced_mesh) StdoutLine: {'line': b'-- Check for working CXX compiler: /usr/bin/c++\n'}
[1.198324] (turtlebot3_description_reduced_mesh) StdoutLine: {'line': b'-- Check for working CXX compiler: /usr/bin/c++ -- works\n'}
[1.199101] (turtlebot3_description_reduced_mesh) StdoutLine: {'line': b'-- Detecting CXX compiler ABI info\n'}
[1.202400] (-) TimerEvent: {}
[1.277571] (turtlebot3_description_reduced_mesh) StdoutLine: {'line': b'-- Detecting CXX compiler ABI info - done\n'}
[1.286938] (turtlebot3_description_reduced_mesh) StdoutLine: {'line': b'-- Detecting CXX compile features\n'}
[1.302566] (-) TimerEvent: {}
[1.403001] (-) TimerEvent: {}
[1.503480] (-) TimerEvent: {}
[1.603927] (-) TimerEvent: {}
[1.635044] (turtlebot3_description_reduced_mesh) StdoutLine: {'line': b'-- Detecting CXX compile features - done\n'}
[1.639179] (turtlebot3_description_reduced_mesh) StdoutLine: {'line': b'-- Using CATKIN_DEVEL_PREFIX: /home/ubuntu/environment/aws-robomaker-sample-application-helloworld/robot_ws/build/turtlebot3_description_reduced_mesh/devel\n'}
[1.639484] (turtlebot3_description_reduced_mesh) StdoutLine: {'line': b'-- Using CMAKE_PREFIX_PATH: /home/ubuntu/environment/aws-robomaker-sample-application-helloworld/simulation_ws/install/hello_world_simulation;/opt/ros/melodic\n'}
[1.639729] (turtlebot3_description_reduced_mesh) StdoutLine: {'line': b'-- This workspace overlays: /home/ubuntu/environment/aws-robomaker-sample-application-helloworld/simulation_ws/install/hello_world_simulation;/opt/ros/melodic\n'}
[1.671335] (turtlebot3_description_reduced_mesh) StdoutLine: {'line': b'-- Found PythonInterp: /usr/bin/python2 (found suitable version "2.7.17", minimum required is "2") \n'}
[1.671662] (turtlebot3_description_reduced_mesh) StdoutLine: {'line': b'-- Using PYTHON_EXECUTABLE: /usr/bin/python2\n'}
[1.671784] (turtlebot3_description_reduced_mesh) StdoutLine: {'line': b'-- Using Debian Python package layout\n'}
[1.672766] (turtlebot3_description_reduced_mesh) StdoutLine: {'line': b'-- Using empy: /usr/bin/empy\n'}
[1.704065] (-) TimerEvent: {}
[1.804379] (-) TimerEvent: {}
[1.838723] (turtlebot3_description_reduced_mesh) StdoutLine: {'line': b'-- Using CATKIN_ENABLE_TESTING: ON\n'}
[1.838963] (turtlebot3_description_reduced_mesh) StdoutLine: {'line': b'-- Call enable_testing()\n'}
[1.842914] (turtlebot3_description_reduced_mesh) StdoutLine: {'line': b'-- Using CATKIN_TEST_RESULTS_DIR: /home/ubuntu/environment/aws-robomaker-sample-application-helloworld/robot_ws/build/turtlebot3_description_reduced_mesh/test_results\n'}
[1.874586] (turtlebot3_description_reduced_mesh) StdoutLine: {'line': b"-- Found gtest sources under '/usr/src/googletest': gtests will be built\n"}
[1.874880] (turtlebot3_description_reduced_mesh) StdoutLine: {'line': b"-- Found gmock sources under '/usr/src/googletest': gmock will be built\n"}
[1.892465] (turtlebot3_description_reduced_mesh) StdoutLine: {'line': b'-- Found PythonInterp: /usr/bin/python2 (found version "2.7.17") \n'}
[1.896833] (turtlebot3_description_reduced_mesh) StdoutLine: {'line': b'-- Looking for pthread.h\n'}
[1.904520] (-) TimerEvent: {}
[1.989741] (turtlebot3_description_reduced_mesh) StdoutLine: {'line': b'-- Looking for pthread.h - found\n'}
[1.991008] (turtlebot3_description_reduced_mesh) StdoutLine: {'line': b'-- Looking for pthread_create\n'}
[2.004681] (-) TimerEvent: {}
[2.061901] (turtlebot3_description_reduced_mesh) StdoutLine: {'line': b'-- Looking for pthread_create - not found\n'}
[2.062359] (turtlebot3_description_reduced_mesh) StdoutLine: {'line': b'-- Looking for pthread_create in pthreads\n'}
[2.104849] (-) TimerEvent: {}
[2.118244] (turtlebot3_description_reduced_mesh) StdoutLine: {'line': b'-- Looking for pthread_create in pthreads - not found\n'}
[2.118586] (turtlebot3_description_reduced_mesh) StdoutLine: {'line': b'-- Looking for pthread_create in pthread\n'}
[2.186278] (turtlebot3_description_reduced_mesh) StdoutLine: {'line': b'-- Looking for pthread_create in pthread - found\n'}
[2.187612] (turtlebot3_description_reduced_mesh) StdoutLine: {'line': b'-- Found Threads: TRUE  \n'}
[2.193175] (turtlebot3_description_reduced_mesh) StdoutLine: {'line': b'-- Using Python nosetests: /usr/bin/nosetests-2.7\n'}
[2.204989] (-) TimerEvent: {}
[2.237730] (turtlebot3_description_reduced_mesh) StdoutLine: {'line': b'-- catkin 0.7.29\n'}
[2.237890] (turtlebot3_description_reduced_mesh) StdoutLine: {'line': b'-- BUILD_SHARED_LIBS is on\n'}
[2.305168] (-) TimerEvent: {}
[2.405621] (-) TimerEvent: {}
[2.506115] (-) TimerEvent: {}
[2.521853] (turtlebot3_description_reduced_mesh) StdoutLine: {'line': b'-- Using these message generators: gencpp;geneus;genlisp;gennodejs;genpy\n'}
[2.606274] (-) TimerEvent: {}
[2.706655] (-) TimerEvent: {}
[2.807040] (-) TimerEvent: {}
[2.810957] (turtlebot3_description_reduced_mesh) StdoutLine: {'line': b'-- Configuring done\n'}
[2.841389] (turtlebot3_description_reduced_mesh) StdoutLine: {'line': b'-- Generating done\n'}
[2.850330] (turtlebot3_description_reduced_mesh) StdoutLine: {'line': b'-- Build files have been written to: /home/ubuntu/environment/aws-robomaker-sample-application-helloworld/robot_ws/build/turtlebot3_description_reduced_mesh\n'}
[2.854971] (turtlebot3_description_reduced_mesh) CommandEnded: {'returncode': 0}
[2.855792] (turtlebot3_description_reduced_mesh) JobProgress: {'identifier': 'turtlebot3_description_reduced_mesh', 'progress': 'build'}
[2.856865] (turtlebot3_description_reduced_mesh) Command: {'cmd': ['/usr/bin/cmake', '--build', '/home/ubuntu/environment/aws-robomaker-sample-application-helloworld/robot_ws/build/turtlebot3_description_reduced_mesh', '--', '-j4', '-l4'], 'cwd': '/home/ubuntu/environment/aws-robomaker-sample-application-helloworld/robot_ws/build/turtlebot3_description_reduced_mesh', 'env': OrderedDict([('HISTFILESIZE', '100000'), ('TMUX', '/tmp/tmux-1000/cloud92.2,10531,0'), ('MAIL', '/var/mail/ubuntu'), ('USER', 'ubuntu'), ('SSH_CLIENT', '35.172.155.194 24598 22'), ('ROS_PACKAGE_PATH', '/home/ubuntu/environment/aws-robomaker-sample-application-helloworld/simulation_ws/install/hello_world_simulation/share:/opt/ros/melodic/share'), ('LD_LIBRARY_PATH', '/opt/ros/melodic/lib'), ('ROS_ETC_DIR', '/opt/ros/melodic/etc/ros'), ('SHLVL', '5'), ('OLDPWD', '/home/ubuntu/environment/aws-robomaker-sample-application-helloworld'), ('HOME', '/home/ubuntu'), ('PORT', '8080'), ('ISOUTPUTPANE', '0'), ('NVM_BIN', '/home/ubuntu/.nvm/versions/node/v8.17.0/bin'), ('NVM_NODEJS_ORG_MIRROR', 'https://nodejs.org/dist'), ('ROS_PYTHON_VERSION', '2'), ('C9_USER', 'voclabs'), ('NVM_DIR', '/home/ubuntu/.nvm'), ('NVM_PATH', '/home/ubuntu/.nvm/versions/node/v8.17.0/lib/node'), ('COLCON_PREFIX_PATH', '/home/ubuntu/environment/aws-robomaker-sample-application-helloworld/simulation_ws/install'), ('ROS_DISTRO', 'melodic'), ('HGUSER', 'voclabs'), ('LOGNAME', 'ubuntu'), ('rvm_bin_path', '/usr/local/rvm/bin'), ('_', '/usr/local/bin/colcon'), ('RUBY_VERSION', 'ruby-2.6.6'), ('ROS_VERSION', '1'), ('C9_PORT', '8080'), ('PKG_CONFIG_PATH', '/home/ubuntu/environment/aws-robomaker-sample-application-helloworld/simulation_ws/install/hello_world_simulation/lib/x86_64-linux-gnu/pkgconfig:/home/ubuntu/environment/aws-robomaker-sample-application-helloworld/simulation_ws/install/hello_world_simulation/lib/pkgconfig:/opt/ros/melodic/lib/pkgconfig'), ('IRBRC', '/usr/local/rvm/rubies/ruby-2.6.6/.irbrc'), ('XDG_SESSION_ID', '485'), ('TERM', 'screen'), ('PATH', '/home/ubuntu/.nvm/versions/node/v8.17.0/bin:/opt/ros/melodic/bin:/usr/local/rvm/gems/ruby-2.6.6/bin:/usr/local/rvm/gems/ruby-2.6.6@global/bin:/usr/local/rvm/rubies/ruby-2.6.6/bin:/usr/local/sbin:/usr/local/bin:/usr/sbin:/usr/bin:/sbin:/bin:/usr/games:/usr/local/games:/snap/bin:/home/ubuntu/.local/bin:/home/ubuntu/bin:/home/ubuntu/.local/bin:/home/ubuntu/bin:/usr/local/rvm/bin:/home/ubuntu/.local/bin:/home/ubuntu/bin'), ('NVM_IOJS_ORG_MIRROR', 'https://iojs.org/dist'), ('XDG_RUNTIME_DIR', '/run/user/1000'), ('MY_RUBY_HOME', '/usr/local/rvm/rubies/ruby-2.6.6'), ('LANG', 'C.UTF-8'), ('HISTSIZE', '100000'), ('ROS_ROOT', '/opt/ros/melodic/share/ros'), ('ROSLISP_PACKAGE_DIRECTORIES', ''), ('C9_HOSTNAME', '52.207.239.115'), ('NODE_PATH', '/home/ubuntu/.c9/node_modules'), ('SHELL', '/bin/bash'), ('ROS_MASTER_URI', 'http://localhost:11311'), ('rvm_prefix', '/usr/local'), ('PROMPT_COMMAND', 'history -a;'), ('GEM_HOME', '/usr/local/rvm/gems/ruby-2.6.6'), ('C9_PID', 'd0e321718f0a4d0e8bcf1b64cf2405e7'), ('rvm_version', '1.29.12 (latest)'), ('C9_PROJECT', 'ros_melodic'), ('PWD', '/home/ubuntu/environment/aws-robomaker-sample-application-helloworld/robot_ws/build/turtlebot3_description_reduced_mesh'), ('GEM_PATH', '/usr/local/rvm/gems/ruby-2.6.6:/usr/local/rvm/gems/ruby-2.6.6@global'), ('SSH_CONNECTION', '35.172.155.194 24598 172.31.83.243 22'), ('NVM_CD_FLAGS', ''), ('XDG_DATA_DIRS', '/usr/local/share:/usr/share:/var/lib/snapd/desktop'), ('IP', '127.0.0.1'), ('PYTHONPATH', '/opt/ros/melodic/lib/python2.7/dist-packages'), ('COLCON', '1'), ('rvm_path', '/usr/local/rvm'), ('TMUX_PANE', '%0'), ('MANPATH', '/home/ubuntu/.nvm/versions/node/v8.17.0/share/man:/usr/local/rvm/rubies/ruby-2.6.6/share/man:/usr/local/man:/usr/local/share/man:/usr/share/man:/usr/local/rvm/man'), ('EDITOR', ''), ('CMAKE_PREFIX_PATH', '/home/ubuntu/environment/aws-robomaker-sample-application-helloworld/simulation_ws/install/hello_world_simulation:/opt/ros/melodic')]), 'shell': False}
[2.904536] (turtlebot3_description_reduced_mesh) CommandEnded: {'returncode': 0}
[2.907593] (-) TimerEvent: {}
[2.972760] (turtlebot3_description_reduced_mesh) JobProgress: {'identifier': 'turtlebot3_description_reduced_mesh', 'progress': "build target 'tests'"}
[2.972973] (turtlebot3_description_reduced_mesh) Command: {'cmd': ['/usr/bin/cmake', '--build', '/home/ubuntu/environment/aws-robomaker-sample-application-helloworld/robot_ws/build/turtlebot3_description_reduced_mesh', '--target', 'tests', '--', '-j4', '-l4'], 'cwd': '/home/ubuntu/environment/aws-robomaker-sample-application-helloworld/robot_ws/build/turtlebot3_description_reduced_mesh', 'env': OrderedDict([('HISTFILESIZE', '100000'), ('TMUX', '/tmp/tmux-1000/cloud92.2,10531,0'), ('MAIL', '/var/mail/ubuntu'), ('USER', 'ubuntu'), ('SSH_CLIENT', '35.172.155.194 24598 22'), ('ROS_PACKAGE_PATH', '/home/ubuntu/environment/aws-robomaker-sample-application-helloworld/simulation_ws/install/hello_world_simulation/share:/opt/ros/melodic/share'), ('LD_LIBRARY_PATH', '/opt/ros/melodic/lib'), ('ROS_ETC_DIR', '/opt/ros/melodic/etc/ros'), ('SHLVL', '5'), ('OLDPWD', '/home/ubuntu/environment/aws-robomaker-sample-application-helloworld'), ('HOME', '/home/ubuntu'), ('PORT', '8080'), ('ISOUTPUTPANE', '0'), ('NVM_BIN', '/home/ubuntu/.nvm/versions/node/v8.17.0/bin'), ('NVM_NODEJS_ORG_MIRROR', 'https://nodejs.org/dist'), ('ROS_PYTHON_VERSION', '2'), ('C9_USER', 'voclabs'), ('NVM_DIR', '/home/ubuntu/.nvm'), ('NVM_PATH', '/home/ubuntu/.nvm/versions/node/v8.17.0/lib/node'), ('COLCON_PREFIX_PATH', '/home/ubuntu/environment/aws-robomaker-sample-application-helloworld/simulation_ws/install'), ('ROS_DISTRO', 'melodic'), ('HGUSER', 'voclabs'), ('LOGNAME', 'ubuntu'), ('rvm_bin_path', '/usr/local/rvm/bin'), ('_', '/usr/local/bin/colcon'), ('RUBY_VERSION', 'ruby-2.6.6'), ('ROS_VERSION', '1'), ('C9_PORT', '8080'), ('PKG_CONFIG_PATH', '/home/ubuntu/environment/aws-robomaker-sample-application-helloworld/simulation_ws/install/hello_world_simulation/lib/x86_64-linux-gnu/pkgconfig:/home/ubuntu/environment/aws-robomaker-sample-application-helloworld/simulation_ws/install/hello_world_simulation/lib/pkgconfig:/opt/ros/melodic/lib/pkgconfig'), ('IRBRC', '/usr/local/rvm/rubies/ruby-2.6.6/.irbrc'), ('XDG_SESSION_ID', '485'), ('TERM', 'screen'), ('PATH', '/home/ubuntu/.nvm/versions/node/v8.17.0/bin:/opt/ros/melodic/bin:/usr/local/rvm/gems/ruby-2.6.6/bin:/usr/local/rvm/gems/ruby-2.6.6@global/bin:/usr/local/rvm/rubies/ruby-2.6.6/bin:/usr/local/sbin:/usr/local/bin:/usr/sbin:/usr/bin:/sbin:/bin:/usr/games:/usr/local/games:/snap/bin:/home/ubuntu/.local/bin:/home/ubuntu/bin:/home/ubuntu/.local/bin:/home/ubuntu/bin:/usr/local/rvm/bin:/home/ubuntu/.local/bin:/home/ubuntu/bin'), ('NVM_IOJS_ORG_MIRROR', 'https://iojs.org/dist'), ('XDG_RUNTIME_DIR', '/run/user/1000'), ('MY_RUBY_HOME', '/usr/local/rvm/rubies/ruby-2.6.6'), ('LANG', 'C.UTF-8'), ('HISTSIZE', '100000'), ('ROS_ROOT', '/opt/ros/melodic/share/ros'), ('ROSLISP_PACKAGE_DIRECTORIES', ''), ('C9_HOSTNAME', '52.207.239.115'), ('NODE_PATH', '/home/ubuntu/.c9/node_modules'), ('SHELL', '/bin/bash'), ('ROS_MASTER_URI', 'http://localhost:11311'), ('rvm_prefix', '/usr/local'), ('PROMPT_COMMAND', 'history -a;'), ('GEM_HOME', '/usr/local/rvm/gems/ruby-2.6.6'), ('C9_PID', 'd0e321718f0a4d0e8bcf1b64cf2405e7'), ('rvm_version', '1.29.12 (latest)'), ('C9_PROJECT', 'ros_melodic'), ('PWD', '/home/ubuntu/environment/aws-robomaker-sample-application-helloworld/robot_ws/build/turtlebot3_description_reduced_mesh'), ('GEM_PATH', '/usr/local/rvm/gems/ruby-2.6.6:/usr/local/rvm/gems/ruby-2.6.6@global'), ('SSH_CONNECTION', '35.172.155.194 24598 172.31.83.243 22'), ('NVM_CD_FLAGS', ''), ('XDG_DATA_DIRS', '/usr/local/share:/usr/share:/var/lib/snapd/desktop'), ('IP', '127.0.0.1'), ('PYTHONPATH', '/opt/ros/melodic/lib/python2.7/dist-packages'), ('COLCON', '1'), ('rvm_path', '/usr/local/rvm'), ('TMUX_PANE', '%0'), ('MANPATH', '/home/ubuntu/.nvm/versions/node/v8.17.0/share/man:/usr/local/rvm/rubies/ruby-2.6.6/share/man:/usr/local/man:/usr/local/share/man:/usr/share/man:/usr/local/rvm/man'), ('EDITOR', ''), ('CMAKE_PREFIX_PATH', '/home/ubuntu/environment/aws-robomaker-sample-application-helloworld/simulation_ws/install/hello_world_simulation:/opt/ros/melodic')]), 'shell': False}
[3.007642] (-) TimerEvent: {}
[3.028456] (turtlebot3_description_reduced_mesh) StdoutLine: {'line': b'\x1b[35m\x1b[1mScanning dependencies of target tests\x1b[0m\n'}
[3.038134] (turtlebot3_description_reduced_mesh) StdoutLine: {'line': b'Built target tests\n'}
[3.048740] (turtlebot3_description_reduced_mesh) CommandEnded: {'returncode': 0}
[3.107898] (-) TimerEvent: {}
[3.113802] (turtlebot3_description_reduced_mesh) JobProgress: {'identifier': 'turtlebot3_description_reduced_mesh', 'progress': 'install'}
[3.124645] (turtlebot3_description_reduced_mesh) Command: {'cmd': ['/usr/bin/cmake', '--build', '/home/ubuntu/environment/aws-robomaker-sample-application-helloworld/robot_ws/build/turtlebot3_description_reduced_mesh', '--target', 'install', '--', '-j4', '-l4'], 'cwd': '/home/ubuntu/environment/aws-robomaker-sample-application-helloworld/robot_ws/build/turtlebot3_description_reduced_mesh', 'env': OrderedDict([('HISTFILESIZE', '100000'), ('TMUX', '/tmp/tmux-1000/cloud92.2,10531,0'), ('MAIL', '/var/mail/ubuntu'), ('USER', 'ubuntu'), ('SSH_CLIENT', '35.172.155.194 24598 22'), ('ROS_PACKAGE_PATH', '/home/ubuntu/environment/aws-robomaker-sample-application-helloworld/simulation_ws/install/hello_world_simulation/share:/opt/ros/melodic/share'), ('LD_LIBRARY_PATH', '/opt/ros/melodic/lib'), ('ROS_ETC_DIR', '/opt/ros/melodic/etc/ros'), ('SHLVL', '5'), ('OLDPWD', '/home/ubuntu/environment/aws-robomaker-sample-application-helloworld'), ('HOME', '/home/ubuntu'), ('PORT', '8080'), ('ISOUTPUTPANE', '0'), ('NVM_BIN', '/home/ubuntu/.nvm/versions/node/v8.17.0/bin'), ('NVM_NODEJS_ORG_MIRROR', 'https://nodejs.org/dist'), ('ROS_PYTHON_VERSION', '2'), ('C9_USER', 'voclabs'), ('NVM_DIR', '/home/ubuntu/.nvm'), ('NVM_PATH', '/home/ubuntu/.nvm/versions/node/v8.17.0/lib/node'), ('COLCON_PREFIX_PATH', '/home/ubuntu/environment/aws-robomaker-sample-application-helloworld/simulation_ws/install'), ('ROS_DISTRO', 'melodic'), ('HGUSER', 'voclabs'), ('LOGNAME', 'ubuntu'), ('rvm_bin_path', '/usr/local/rvm/bin'), ('_', '/usr/local/bin/colcon'), ('RUBY_VERSION', 'ruby-2.6.6'), ('ROS_VERSION', '1'), ('C9_PORT', '8080'), ('PKG_CONFIG_PATH', '/home/ubuntu/environment/aws-robomaker-sample-application-helloworld/simulation_ws/install/hello_world_simulation/lib/x86_64-linux-gnu/pkgconfig:/home/ubuntu/environment/aws-robomaker-sample-application-helloworld/simulation_ws/install/hello_world_simulation/lib/pkgconfig:/opt/ros/melodic/lib/pkgconfig'), ('IRBRC', '/usr/local/rvm/rubies/ruby-2.6.6/.irbrc'), ('XDG_SESSION_ID', '485'), ('TERM', 'screen'), ('PATH', '/home/ubuntu/.nvm/versions/node/v8.17.0/bin:/opt/ros/melodic/bin:/usr/local/rvm/gems/ruby-2.6.6/bin:/usr/local/rvm/gems/ruby-2.6.6@global/bin:/usr/local/rvm/rubies/ruby-2.6.6/bin:/usr/local/sbin:/usr/local/bin:/usr/sbin:/usr/bin:/sbin:/bin:/usr/games:/usr/local/games:/snap/bin:/home/ubuntu/.local/bin:/home/ubuntu/bin:/home/ubuntu/.local/bin:/home/ubuntu/bin:/usr/local/rvm/bin:/home/ubuntu/.local/bin:/home/ubuntu/bin'), ('NVM_IOJS_ORG_MIRROR', 'https://iojs.org/dist'), ('XDG_RUNTIME_DIR', '/run/user/1000'), ('MY_RUBY_HOME', '/usr/local/rvm/rubies/ruby-2.6.6'), ('LANG', 'C.UTF-8'), ('HISTSIZE', '100000'), ('ROS_ROOT', '/opt/ros/melodic/share/ros'), ('ROSLISP_PACKAGE_DIRECTORIES', ''), ('C9_HOSTNAME', '52.207.239.115'), ('NODE_PATH', '/home/ubuntu/.c9/node_modules'), ('SHELL', '/bin/bash'), ('ROS_MASTER_URI', 'http://localhost:11311'), ('rvm_prefix', '/usr/local'), ('PROMPT_COMMAND', 'history -a;'), ('GEM_HOME', '/usr/local/rvm/gems/ruby-2.6.6'), ('C9_PID', 'd0e321718f0a4d0e8bcf1b64cf2405e7'), ('rvm_version', '1.29.12 (latest)'), ('C9_PROJECT', 'ros_melodic'), ('PWD', '/home/ubuntu/environment/aws-robomaker-sample-application-helloworld/robot_ws/build/turtlebot3_description_reduced_mesh'), ('GEM_PATH', '/usr/local/rvm/gems/ruby-2.6.6:/usr/local/rvm/gems/ruby-2.6.6@global'), ('SSH_CONNECTION', '35.172.155.194 24598 172.31.83.243 22'), ('NVM_CD_FLAGS', ''), ('XDG_DATA_DIRS', '/usr/local/share:/usr/share:/var/lib/snapd/desktop'), ('IP', '127.0.0.1'), ('PYTHONPATH', '/opt/ros/melodic/lib/python2.7/dist-packages'), ('COLCON', '1'), ('rvm_path', '/usr/local/rvm'), ('TMUX_PANE', '%0'), ('MANPATH', '/home/ubuntu/.nvm/versions/node/v8.17.0/share/man:/usr/local/rvm/rubies/ruby-2.6.6/share/man:/usr/local/man:/usr/local/share/man:/usr/share/man:/usr/local/rvm/man'), ('EDITOR', ''), ('CMAKE_PREFIX_PATH', '/home/ubuntu/environment/aws-robomaker-sample-application-helloworld/simulation_ws/install/hello_world_simulation:/opt/ros/melodic')]), 'shell': False}
[3.175451] (turtlebot3_description_reduced_mesh) StdoutLine: {'line': b'\x1b[36mInstall the project...\x1b[0m\n'}
[3.184236] (turtlebot3_description_reduced_mesh) StdoutLine: {'line': b'-- Install configuration: ""\n'}
[3.184530] (turtlebot3_description_reduced_mesh) StdoutLine: {'line': b'-- Installing: /home/ubuntu/environment/aws-robomaker-sample-application-helloworld/robot_ws/install/turtlebot3_description_reduced_mesh/lib/pkgconfig/turtlebot3_description_reduced_mesh.pc\n'}
[3.184780] (turtlebot3_description_reduced_mesh) StdoutLine: {'line': b'-- Installing: /home/ubuntu/environment/aws-robomaker-sample-application-helloworld/robot_ws/install/turtlebot3_description_reduced_mesh/share/turtlebot3_description_reduced_mesh/cmake/turtlebot3_description_reduced_meshConfig.cmake\n'}
[3.184908] (turtlebot3_description_reduced_mesh) StdoutLine: {'line': b'-- Installing: /home/ubuntu/environment/aws-robomaker-sample-application-helloworld/robot_ws/install/turtlebot3_description_reduced_mesh/share/turtlebot3_description_reduced_mesh/cmake/turtlebot3_description_reduced_meshConfig-version.cmake\n'}
[3.185150] (turtlebot3_description_reduced_mesh) StdoutLine: {'line': b'-- Installing: /home/ubuntu/environment/aws-robomaker-sample-application-helloworld/robot_ws/install/turtlebot3_description_reduced_mesh/share/turtlebot3_description_reduced_mesh/package.xml\n'}
[3.185492] (turtlebot3_description_reduced_mesh) StdoutLine: {'line': b'-- Installing: /home/ubuntu/environment/aws-robomaker-sample-application-helloworld/robot_ws/install/turtlebot3_description_reduced_mesh/share/turtlebot3_description_reduced_mesh/launch\n'}
[3.185677] (turtlebot3_description_reduced_mesh) StdoutLine: {'line': b'-- Installing: /home/ubuntu/environment/aws-robomaker-sample-application-helloworld/robot_ws/install/turtlebot3_description_reduced_mesh/share/turtlebot3_description_reduced_mesh/launch/spawn_turtlebot.launch\n'}
[3.185854] (turtlebot3_description_reduced_mesh) StdoutLine: {'line': b'-- Installing: /home/ubuntu/environment/aws-robomaker-sample-application-helloworld/robot_ws/install/turtlebot3_description_reduced_mesh/share/turtlebot3_description_reduced_mesh/meshes\n'}
[3.186024] (turtlebot3_description_reduced_mesh) StdoutLine: {'line': b'-- Installing: /home/ubuntu/environment/aws-robomaker-sample-application-helloworld/robot_ws/install/turtlebot3_description_reduced_mesh/share/turtlebot3_description_reduced_mesh/meshes/sensors\n'}
[3.186227] (turtlebot3_description_reduced_mesh) StdoutLine: {'line': b'-- Installing: /home/ubuntu/environment/aws-robomaker-sample-application-helloworld/robot_ws/install/turtlebot3_description_reduced_mesh/share/turtlebot3_description_reduced_mesh/meshes/sensors/r200.jpg\n'}
[3.186326] (turtlebot3_description_reduced_mesh) StdoutLine: {'line': b'-- Installing: /home/ubuntu/environment/aws-robomaker-sample-application-helloworld/robot_ws/install/turtlebot3_description_reduced_mesh/share/turtlebot3_description_reduced_mesh/meshes/sensors/astra.dae\n'}
[3.194997] (turtlebot3_description_reduced_mesh) StdoutLine: {'line': b'-- Installing: /home/ubuntu/environment/aws-robomaker-sample-application-helloworld/robot_ws/install/turtlebot3_description_reduced_mesh/share/turtlebot3_description_reduced_mesh/meshes/sensors/astra.jpg\n'}
[3.195303] (turtlebot3_description_reduced_mesh) StdoutLine: {'line': b'-- Installing: /home/ubuntu/environment/aws-robomaker-sample-application-helloworld/robot_ws/install/turtlebot3_description_reduced_mesh/share/turtlebot3_description_reduced_mesh/meshes/sensors/r200.dae\n'}
[3.195508] (turtlebot3_description_reduced_mesh) StdoutLine: {'line': b'-- Installing: /home/ubuntu/environment/aws-robomaker-sample-application-helloworld/robot_ws/install/turtlebot3_description_reduced_mesh/share/turtlebot3_description_reduced_mesh/meshes/sensors/lds.stl\n'}
[3.196319] (turtlebot3_description_reduced_mesh) StdoutLine: {'line': b'-- Installing: /home/ubuntu/environment/aws-robomaker-sample-application-helloworld/robot_ws/install/turtlebot3_description_reduced_mesh/share/turtlebot3_description_reduced_mesh/meshes/wheels\n'}
[3.196506] (turtlebot3_description_reduced_mesh) StdoutLine: {'line': b'-- Installing: /home/ubuntu/environment/aws-robomaker-sample-application-helloworld/robot_ws/install/turtlebot3_description_reduced_mesh/share/turtlebot3_description_reduced_mesh/meshes/wheels/left_tire.stl\n'}
[3.197728] (turtlebot3_description_reduced_mesh) StdoutLine: {'line': b'-- Installing: /home/ubuntu/environment/aws-robomaker-sample-application-helloworld/robot_ws/install/turtlebot3_description_reduced_mesh/share/turtlebot3_description_reduced_mesh/meshes/wheels/right_tire.stl\n'}
[3.199006] (turtlebot3_description_reduced_mesh) StdoutLine: {'line': b'-- Installing: /home/ubuntu/environment/aws-robomaker-sample-application-helloworld/robot_ws/install/turtlebot3_description_reduced_mesh/share/turtlebot3_description_reduced_mesh/meshes/wheels/right_tire_reduced.stl\n'}
[3.199333] (turtlebot3_description_reduced_mesh) StdoutLine: {'line': b'-- Installing: /home/ubuntu/environment/aws-robomaker-sample-application-helloworld/robot_ws/install/turtlebot3_description_reduced_mesh/share/turtlebot3_description_reduced_mesh/meshes/wheels/left_tire_reduced.stl\n'}
[3.199575] (turtlebot3_description_reduced_mesh) StdoutLine: {'line': b'-- Installing: /home/ubuntu/environment/aws-robomaker-sample-application-helloworld/robot_ws/install/turtlebot3_description_reduced_mesh/share/turtlebot3_description_reduced_mesh/meshes/bases\n'}
[3.199885] (turtlebot3_description_reduced_mesh) StdoutLine: {'line': b'-- Installing: /home/ubuntu/environment/aws-robomaker-sample-application-helloworld/robot_ws/install/turtlebot3_description_reduced_mesh/share/turtlebot3_description_reduced_mesh/meshes/bases/waffle_pi_base_reduced.stl\n'}
[3.202657] (turtlebot3_description_reduced_mesh) StdoutLine: {'line': b'-- Installing: /home/ubuntu/environment/aws-robomaker-sample-application-helloworld/robot_ws/install/turtlebot3_description_reduced_mesh/share/turtlebot3_description_reduced_mesh/meshes/bases/burger_base.stl\n'}
[3.207918] (turtlebot3_description_reduced_mesh) StdoutLine: {'line': b'-- Installing: /home/ubuntu/environment/aws-robomaker-sample-application-helloworld/robot_ws/install/turtlebot3_description_reduced_mesh/share/turtlebot3_description_reduced_mesh/meshes/bases/waffle_pi_base.stl\n'}
[3.208151] (-) TimerEvent: {}
[3.216184] (turtlebot3_description_reduced_mesh) StdoutLine: {'line': b'-- Installing: /home/ubuntu/environment/aws-robomaker-sample-application-helloworld/robot_ws/install/turtlebot3_description_reduced_mesh/share/turtlebot3_description_reduced_mesh/meshes/bases/waffle_base_for_open_manipulator.stl\n'}
[3.227153] (turtlebot3_description_reduced_mesh) StdoutLine: {'line': b'-- Installing: /home/ubuntu/environment/aws-robomaker-sample-application-helloworld/robot_ws/install/turtlebot3_description_reduced_mesh/share/turtlebot3_description_reduced_mesh/meshes/bases/waffle_pi_base_for_open_manipulator.stl\n'}
[3.235295] (turtlebot3_description_reduced_mesh) StdoutLine: {'line': b'-- Installing: /home/ubuntu/environment/aws-robomaker-sample-application-helloworld/robot_ws/install/turtlebot3_description_reduced_mesh/share/turtlebot3_description_reduced_mesh/meshes/bases/waffle_base.stl\n'}
[3.252221] (turtlebot3_description_reduced_mesh) StdoutLine: {'line': b'-- Installing: /home/ubuntu/environment/aws-robomaker-sample-application-helloworld/robot_ws/install/turtlebot3_description_reduced_mesh/share/turtlebot3_description_reduced_mesh/meshes/bases/burger_base_decimated.stl\n'}
[3.252866] (turtlebot3_description_reduced_mesh) StdoutLine: {'line': b'-- Installing: /home/ubuntu/environment/aws-robomaker-sample-application-helloworld/robot_ws/install/turtlebot3_description_reduced_mesh/share/turtlebot3_description_reduced_mesh/urdf\n'}
[3.253128] (turtlebot3_description_reduced_mesh) StdoutLine: {'line': b'-- Installing: /home/ubuntu/environment/aws-robomaker-sample-application-helloworld/robot_ws/install/turtlebot3_description_reduced_mesh/share/turtlebot3_description_reduced_mesh/urdf/turtlebot3_burger_for_autorace.gazebo.xacro\n'}
[3.253561] (turtlebot3_description_reduced_mesh) StdoutLine: {'line': b'-- Installing: /home/ubuntu/environment/aws-robomaker-sample-application-helloworld/robot_ws/install/turtlebot3_description_reduced_mesh/share/turtlebot3_description_reduced_mesh/urdf/turtlebot3_waffle_pi.gazebo.xacro\n'}
[3.253828] (turtlebot3_description_reduced_mesh) StdoutLine: {'line': b'-- Installing: /home/ubuntu/environment/aws-robomaker-sample-application-helloworld/robot_ws/install/turtlebot3_description_reduced_mesh/share/turtlebot3_description_reduced_mesh/urdf/turtlebot3_burger.urdf.xacro\n'}
[3.254068] (turtlebot3_description_reduced_mesh) StdoutLine: {'line': b'-- Installing: /home/ubuntu/environment/aws-robomaker-sample-application-helloworld/robot_ws/install/turtlebot3_description_reduced_mesh/share/turtlebot3_description_reduced_mesh/urdf/turtlebot3_waffle_for_open_manipulator.urdf.xacro\n'}
[3.254382] (turtlebot3_description_reduced_mesh) StdoutLine: {'line': b'-- Installing: /home/ubuntu/environment/aws-robomaker-sample-application-helloworld/robot_ws/install/turtlebot3_description_reduced_mesh/share/turtlebot3_description_reduced_mesh/urdf/common_properties.xacro\n'}
[3.254605] (turtlebot3_description_reduced_mesh) StdoutLine: {'line': b'-- Installing: /home/ubuntu/environment/aws-robomaker-sample-application-helloworld/robot_ws/install/turtlebot3_description_reduced_mesh/share/turtlebot3_description_reduced_mesh/urdf/turtlebot3_waffle_pi_for_open_manipulator.urdf.xacro\n'}
[3.254836] (turtlebot3_description_reduced_mesh) StdoutLine: {'line': b'-- Installing: /home/ubuntu/environment/aws-robomaker-sample-application-helloworld/robot_ws/install/turtlebot3_description_reduced_mesh/share/turtlebot3_description_reduced_mesh/urdf/turtlebot3_burger_for_autorace.urdf.xacro\n'}
[3.255078] (turtlebot3_description_reduced_mesh) StdoutLine: {'line': b'-- Installing: /home/ubuntu/environment/aws-robomaker-sample-application-helloworld/robot_ws/install/turtlebot3_description_reduced_mesh/share/turtlebot3_description_reduced_mesh/urdf/turtlebot3_waffle_pi.urdf.xacro\n'}
[3.255319] (turtlebot3_description_reduced_mesh) StdoutLine: {'line': b'-- Installing: /home/ubuntu/environment/aws-robomaker-sample-application-helloworld/robot_ws/install/turtlebot3_description_reduced_mesh/share/turtlebot3_description_reduced_mesh/urdf/turtlebot3_waffle.urdf.xacro\n'}
[3.255496] (turtlebot3_description_reduced_mesh) StdoutLine: {'line': b'-- Installing: /home/ubuntu/environment/aws-robomaker-sample-application-helloworld/robot_ws/install/turtlebot3_description_reduced_mesh/share/turtlebot3_description_reduced_mesh/urdf/turtlebot3_waffle.gazebo.xacro\n'}
[3.255662] (turtlebot3_description_reduced_mesh) StdoutLine: {'line': b'-- Installing: /home/ubuntu/environment/aws-robomaker-sample-application-helloworld/robot_ws/install/turtlebot3_description_reduced_mesh/share/turtlebot3_description_reduced_mesh/urdf/turtlebot3_burger.gazebo.xacro\n'}
[3.258468] (turtlebot3_description_reduced_mesh) CommandEnded: {'returncode': 0}
[3.308369] (-) TimerEvent: {}
[3.414108] (-) TimerEvent: {}
[3.441901] (turtlebot3_description_reduced_mesh) JobEnded: {'identifier': 'turtlebot3_description_reduced_mesh', 'rc': 0}
[3.456505] (hello_world_robot) JobStarted: {'identifier': 'hello_world_robot'}
[3.463093] (hello_world_robot) JobProgress: {'identifier': 'hello_world_robot', 'progress': 'cmake'}
[3.463934] (hello_world_robot) JobProgress: {'identifier': 'hello_world_robot', 'progress': 'build'}
[3.465458] (hello_world_robot) Command: {'cmd': ['/usr/bin/cmake', '--build', '/home/ubuntu/environment/aws-robomaker-sample-application-helloworld/robot_ws/build/hello_world_robot', '--', '-j4', '-l4'], 'cwd': '/home/ubuntu/environment/aws-robomaker-sample-application-helloworld/robot_ws/build/hello_world_robot', 'env': OrderedDict([('HISTFILESIZE', '100000'), ('TMUX', '/tmp/tmux-1000/cloud92.2,10531,0'), ('MAIL', '/var/mail/ubuntu'), ('USER', 'ubuntu'), ('SSH_CLIENT', '35.172.155.194 24598 22'), ('ROS_PACKAGE_PATH', '/home/ubuntu/environment/aws-robomaker-sample-application-helloworld/robot_ws/install/turtlebot3_description_reduced_mesh/share:/home/ubuntu/environment/aws-robomaker-sample-application-helloworld/simulation_ws/install/hello_world_simulation/share:/opt/ros/melodic/share'), ('LD_LIBRARY_PATH', '/opt/ros/melodic/lib'), ('ROS_ETC_DIR', '/opt/ros/melodic/etc/ros'), ('SHLVL', '5'), ('OLDPWD', '/home/ubuntu/environment/aws-robomaker-sample-application-helloworld'), ('HOME', '/home/ubuntu'), ('PORT', '8080'), ('ISOUTPUTPANE', '0'), ('NVM_BIN', '/home/ubuntu/.nvm/versions/node/v8.17.0/bin'), ('NVM_NODEJS_ORG_MIRROR', 'https://nodejs.org/dist'), ('ROS_PYTHON_VERSION', '2'), ('C9_USER', 'voclabs'), ('NVM_DIR', '/home/ubuntu/.nvm'), ('NVM_PATH', '/home/ubuntu/.nvm/versions/node/v8.17.0/lib/node'), ('COLCON_PREFIX_PATH', '/home/ubuntu/environment/aws-robomaker-sample-application-helloworld/simulation_ws/install'), ('ROS_DISTRO', 'melodic'), ('HGUSER', 'voclabs'), ('LOGNAME', 'ubuntu'), ('rvm_bin_path', '/usr/local/rvm/bin'), ('_', '/usr/local/bin/colcon'), ('RUBY_VERSION', 'ruby-2.6.6'), ('ROS_VERSION', '1'), ('C9_PORT', '8080'), ('PKG_CONFIG_PATH', '/home/ubuntu/environment/aws-robomaker-sample-application-helloworld/robot_ws/install/turtlebot3_description_reduced_mesh/lib/x86_64-linux-gnu/pkgconfig:/home/ubuntu/environment/aws-robomaker-sample-application-helloworld/robot_ws/install/turtlebot3_description_reduced_mesh/lib/pkgconfig:/home/ubuntu/environment/aws-robomaker-sample-application-helloworld/simulation_ws/install/hello_world_simulation/lib/x86_64-linux-gnu/pkgconfig:/home/ubuntu/environment/aws-robomaker-sample-application-helloworld/simulation_ws/install/hello_world_simulation/lib/pkgconfig:/opt/ros/melodic/lib/pkgconfig'), ('IRBRC', '/usr/local/rvm/rubies/ruby-2.6.6/.irbrc'), ('XDG_SESSION_ID', '485'), ('TERM', 'screen'), ('PATH', '/home/ubuntu/.nvm/versions/node/v8.17.0/bin:/opt/ros/melodic/bin:/usr/local/rvm/gems/ruby-2.6.6/bin:/usr/local/rvm/gems/ruby-2.6.6@global/bin:/usr/local/rvm/rubies/ruby-2.6.6/bin:/usr/local/sbin:/usr/local/bin:/usr/sbin:/usr/bin:/sbin:/bin:/usr/games:/usr/local/games:/snap/bin:/home/ubuntu/.local/bin:/home/ubuntu/bin:/home/ubuntu/.local/bin:/home/ubuntu/bin:/usr/local/rvm/bin:/home/ubuntu/.local/bin:/home/ubuntu/bin'), ('NVM_IOJS_ORG_MIRROR', 'https://iojs.org/dist'), ('XDG_RUNTIME_DIR', '/run/user/1000'), ('MY_RUBY_HOME', '/usr/local/rvm/rubies/ruby-2.6.6'), ('LANG', 'C.UTF-8'), ('HISTSIZE', '100000'), ('ROS_ROOT', '/opt/ros/melodic/share/ros'), ('ROSLISP_PACKAGE_DIRECTORIES', ''), ('C9_HOSTNAME', '52.207.239.115'), ('NODE_PATH', '/home/ubuntu/.c9/node_modules'), ('SHELL', '/bin/bash'), ('ROS_MASTER_URI', 'http://localhost:11311'), ('rvm_prefix', '/usr/local'), ('PROMPT_COMMAND', 'history -a;'), ('GEM_HOME', '/usr/local/rvm/gems/ruby-2.6.6'), ('C9_PID', 'd0e321718f0a4d0e8bcf1b64cf2405e7'), ('rvm_version', '1.29.12 (latest)'), ('C9_PROJECT', 'ros_melodic'), ('PWD', '/home/ubuntu/environment/aws-robomaker-sample-application-helloworld/robot_ws/build/hello_world_robot'), ('GEM_PATH', '/usr/local/rvm/gems/ruby-2.6.6:/usr/local/rvm/gems/ruby-2.6.6@global'), ('SSH_CONNECTION', '35.172.155.194 24598 172.31.83.243 22'), ('NVM_CD_FLAGS', ''), ('XDG_DATA_DIRS', '/usr/local/share:/usr/share:/var/lib/snapd/desktop'), ('IP', '127.0.0.1'), ('PYTHONPATH', '/opt/ros/melodic/lib/python2.7/dist-packages'), ('COLCON', '1'), ('rvm_path', '/usr/local/rvm'), ('TMUX_PANE', '%0'), ('MANPATH', '/home/ubuntu/.nvm/versions/node/v8.17.0/share/man:/usr/local/rvm/rubies/ruby-2.6.6/share/man:/usr/local/man:/usr/local/share/man:/usr/share/man:/usr/local/rvm/man'), ('EDITOR', ''), ('CMAKE_PREFIX_PATH', '/home/ubuntu/environment/aws-robomaker-sample-application-helloworld/robot_ws/install/turtlebot3_description_reduced_mesh:/home/ubuntu/environment/aws-robomaker-sample-application-helloworld/simulation_ws/install/hello_world_simulation:/opt/ros/melodic')]), 'shell': False}
[3.514266] (-) TimerEvent: {}
[3.516162] (hello_world_robot) StdoutLine: {'line': b'Built target hello_world_robot_xacro_generated_to_devel_space_\n'}
[3.526656] (hello_world_robot) CommandEnded: {'returncode': 0}
[3.572969] (hello_world_robot) JobProgress: {'identifier': 'hello_world_robot', 'progress': "build target 'tests'"}
[3.574487] (hello_world_robot) Command: {'cmd': ['/usr/bin/cmake', '--build', '/home/ubuntu/environment/aws-robomaker-sample-application-helloworld/robot_ws/build/hello_world_robot', '--target', 'tests', '--', '-j4', '-l4'], 'cwd': '/home/ubuntu/environment/aws-robomaker-sample-application-helloworld/robot_ws/build/hello_world_robot', 'env': OrderedDict([('HISTFILESIZE', '100000'), ('TMUX', '/tmp/tmux-1000/cloud92.2,10531,0'), ('MAIL', '/var/mail/ubuntu'), ('USER', 'ubuntu'), ('SSH_CLIENT', '35.172.155.194 24598 22'), ('ROS_PACKAGE_PATH', '/home/ubuntu/environment/aws-robomaker-sample-application-helloworld/robot_ws/install/turtlebot3_description_reduced_mesh/share:/home/ubuntu/environment/aws-robomaker-sample-application-helloworld/simulation_ws/install/hello_world_simulation/share:/opt/ros/melodic/share'), ('LD_LIBRARY_PATH', '/opt/ros/melodic/lib'), ('ROS_ETC_DIR', '/opt/ros/melodic/etc/ros'), ('SHLVL', '5'), ('OLDPWD', '/home/ubuntu/environment/aws-robomaker-sample-application-helloworld'), ('HOME', '/home/ubuntu'), ('PORT', '8080'), ('ISOUTPUTPANE', '0'), ('NVM_BIN', '/home/ubuntu/.nvm/versions/node/v8.17.0/bin'), ('NVM_NODEJS_ORG_MIRROR', 'https://nodejs.org/dist'), ('ROS_PYTHON_VERSION', '2'), ('C9_USER', 'voclabs'), ('NVM_DIR', '/home/ubuntu/.nvm'), ('NVM_PATH', '/home/ubuntu/.nvm/versions/node/v8.17.0/lib/node'), ('COLCON_PREFIX_PATH', '/home/ubuntu/environment/aws-robomaker-sample-application-helloworld/simulation_ws/install'), ('ROS_DISTRO', 'melodic'), ('HGUSER', 'voclabs'), ('LOGNAME', 'ubuntu'), ('rvm_bin_path', '/usr/local/rvm/bin'), ('_', '/usr/local/bin/colcon'), ('RUBY_VERSION', 'ruby-2.6.6'), ('ROS_VERSION', '1'), ('C9_PORT', '8080'), ('PKG_CONFIG_PATH', '/home/ubuntu/environment/aws-robomaker-sample-application-helloworld/robot_ws/install/turtlebot3_description_reduced_mesh/lib/x86_64-linux-gnu/pkgconfig:/home/ubuntu/environment/aws-robomaker-sample-application-helloworld/robot_ws/install/turtlebot3_description_reduced_mesh/lib/pkgconfig:/home/ubuntu/environment/aws-robomaker-sample-application-helloworld/simulation_ws/install/hello_world_simulation/lib/x86_64-linux-gnu/pkgconfig:/home/ubuntu/environment/aws-robomaker-sample-application-helloworld/simulation_ws/install/hello_world_simulation/lib/pkgconfig:/opt/ros/melodic/lib/pkgconfig'), ('IRBRC', '/usr/local/rvm/rubies/ruby-2.6.6/.irbrc'), ('XDG_SESSION_ID', '485'), ('TERM', 'screen'), ('PATH', '/home/ubuntu/.nvm/versions/node/v8.17.0/bin:/opt/ros/melodic/bin:/usr/local/rvm/gems/ruby-2.6.6/bin:/usr/local/rvm/gems/ruby-2.6.6@global/bin:/usr/local/rvm/rubies/ruby-2.6.6/bin:/usr/local/sbin:/usr/local/bin:/usr/sbin:/usr/bin:/sbin:/bin:/usr/games:/usr/local/games:/snap/bin:/home/ubuntu/.local/bin:/home/ubuntu/bin:/home/ubuntu/.local/bin:/home/ubuntu/bin:/usr/local/rvm/bin:/home/ubuntu/.local/bin:/home/ubuntu/bin'), ('NVM_IOJS_ORG_MIRROR', 'https://iojs.org/dist'), ('XDG_RUNTIME_DIR', '/run/user/1000'), ('MY_RUBY_HOME', '/usr/local/rvm/rubies/ruby-2.6.6'), ('LANG', 'C.UTF-8'), ('HISTSIZE', '100000'), ('ROS_ROOT', '/opt/ros/melodic/share/ros'), ('ROSLISP_PACKAGE_DIRECTORIES', ''), ('C9_HOSTNAME', '52.207.239.115'), ('NODE_PATH', '/home/ubuntu/.c9/node_modules'), ('SHELL', '/bin/bash'), ('ROS_MASTER_URI', 'http://localhost:11311'), ('rvm_prefix', '/usr/local'), ('PROMPT_COMMAND', 'history -a;'), ('GEM_HOME', '/usr/local/rvm/gems/ruby-2.6.6'), ('C9_PID', 'd0e321718f0a4d0e8bcf1b64cf2405e7'), ('rvm_version', '1.29.12 (latest)'), ('C9_PROJECT', 'ros_melodic'), ('PWD', '/home/ubuntu/environment/aws-robomaker-sample-application-helloworld/robot_ws/build/hello_world_robot'), ('GEM_PATH', '/usr/local/rvm/gems/ruby-2.6.6:/usr/local/rvm/gems/ruby-2.6.6@global'), ('SSH_CONNECTION', '35.172.155.194 24598 172.31.83.243 22'), ('NVM_CD_FLAGS', ''), ('XDG_DATA_DIRS', '/usr/local/share:/usr/share:/var/lib/snapd/desktop'), ('IP', '127.0.0.1'), ('PYTHONPATH', '/opt/ros/melodic/lib/python2.7/dist-packages'), ('COLCON', '1'), ('rvm_path', '/usr/local/rvm'), ('TMUX_PANE', '%0'), ('MANPATH', '/home/ubuntu/.nvm/versions/node/v8.17.0/share/man:/usr/local/rvm/rubies/ruby-2.6.6/share/man:/usr/local/man:/usr/local/share/man:/usr/share/man:/usr/local/rvm/man'), ('EDITOR', ''), ('CMAKE_PREFIX_PATH', '/home/ubuntu/environment/aws-robomaker-sample-application-helloworld/robot_ws/install/turtlebot3_description_reduced_mesh:/home/ubuntu/environment/aws-robomaker-sample-application-helloworld/simulation_ws/install/hello_world_simulation:/opt/ros/melodic')]), 'shell': False}
[3.614446] (-) TimerEvent: {}
[3.640444] (hello_world_robot) StdoutLine: {'line': b'Built target tests\n'}
[3.651170] (hello_world_robot) CommandEnded: {'returncode': 0}
[3.696829] (hello_world_robot) JobProgress: {'identifier': 'hello_world_robot', 'progress': 'install'}
[3.697395] (hello_world_robot) Command: {'cmd': ['/usr/bin/cmake', '--build', '/home/ubuntu/environment/aws-robomaker-sample-application-helloworld/robot_ws/build/hello_world_robot', '--target', 'install', '--', '-j4', '-l4'], 'cwd': '/home/ubuntu/environment/aws-robomaker-sample-application-helloworld/robot_ws/build/hello_world_robot', 'env': OrderedDict([('HISTFILESIZE', '100000'), ('TMUX', '/tmp/tmux-1000/cloud92.2,10531,0'), ('MAIL', '/var/mail/ubuntu'), ('USER', 'ubuntu'), ('SSH_CLIENT', '35.172.155.194 24598 22'), ('ROS_PACKAGE_PATH', '/home/ubuntu/environment/aws-robomaker-sample-application-helloworld/robot_ws/install/turtlebot3_description_reduced_mesh/share:/home/ubuntu/environment/aws-robomaker-sample-application-helloworld/simulation_ws/install/hello_world_simulation/share:/opt/ros/melodic/share'), ('LD_LIBRARY_PATH', '/opt/ros/melodic/lib'), ('ROS_ETC_DIR', '/opt/ros/melodic/etc/ros'), ('SHLVL', '5'), ('OLDPWD', '/home/ubuntu/environment/aws-robomaker-sample-application-helloworld'), ('HOME', '/home/ubuntu'), ('PORT', '8080'), ('ISOUTPUTPANE', '0'), ('NVM_BIN', '/home/ubuntu/.nvm/versions/node/v8.17.0/bin'), ('NVM_NODEJS_ORG_MIRROR', 'https://nodejs.org/dist'), ('ROS_PYTHON_VERSION', '2'), ('C9_USER', 'voclabs'), ('NVM_DIR', '/home/ubuntu/.nvm'), ('NVM_PATH', '/home/ubuntu/.nvm/versions/node/v8.17.0/lib/node'), ('COLCON_PREFIX_PATH', '/home/ubuntu/environment/aws-robomaker-sample-application-helloworld/simulation_ws/install'), ('ROS_DISTRO', 'melodic'), ('HGUSER', 'voclabs'), ('LOGNAME', 'ubuntu'), ('rvm_bin_path', '/usr/local/rvm/bin'), ('_', '/usr/local/bin/colcon'), ('RUBY_VERSION', 'ruby-2.6.6'), ('ROS_VERSION', '1'), ('C9_PORT', '8080'), ('PKG_CONFIG_PATH', '/home/ubuntu/environment/aws-robomaker-sample-application-helloworld/robot_ws/install/turtlebot3_description_reduced_mesh/lib/x86_64-linux-gnu/pkgconfig:/home/ubuntu/environment/aws-robomaker-sample-application-helloworld/robot_ws/install/turtlebot3_description_reduced_mesh/lib/pkgconfig:/home/ubuntu/environment/aws-robomaker-sample-application-helloworld/simulation_ws/install/hello_world_simulation/lib/x86_64-linux-gnu/pkgconfig:/home/ubuntu/environment/aws-robomaker-sample-application-helloworld/simulation_ws/install/hello_world_simulation/lib/pkgconfig:/opt/ros/melodic/lib/pkgconfig'), ('IRBRC', '/usr/local/rvm/rubies/ruby-2.6.6/.irbrc'), ('XDG_SESSION_ID', '485'), ('TERM', 'screen'), ('PATH', '/home/ubuntu/.nvm/versions/node/v8.17.0/bin:/opt/ros/melodic/bin:/usr/local/rvm/gems/ruby-2.6.6/bin:/usr/local/rvm/gems/ruby-2.6.6@global/bin:/usr/local/rvm/rubies/ruby-2.6.6/bin:/usr/local/sbin:/usr/local/bin:/usr/sbin:/usr/bin:/sbin:/bin:/usr/games:/usr/local/games:/snap/bin:/home/ubuntu/.local/bin:/home/ubuntu/bin:/home/ubuntu/.local/bin:/home/ubuntu/bin:/usr/local/rvm/bin:/home/ubuntu/.local/bin:/home/ubuntu/bin'), ('NVM_IOJS_ORG_MIRROR', 'https://iojs.org/dist'), ('XDG_RUNTIME_DIR', '/run/user/1000'), ('MY_RUBY_HOME', '/usr/local/rvm/rubies/ruby-2.6.6'), ('LANG', 'C.UTF-8'), ('HISTSIZE', '100000'), ('ROS_ROOT', '/opt/ros/melodic/share/ros'), ('ROSLISP_PACKAGE_DIRECTORIES', ''), ('C9_HOSTNAME', '52.207.239.115'), ('NODE_PATH', '/home/ubuntu/.c9/node_modules'), ('SHELL', '/bin/bash'), ('ROS_MASTER_URI', 'http://localhost:11311'), ('rvm_prefix', '/usr/local'), ('PROMPT_COMMAND', 'history -a;'), ('GEM_HOME', '/usr/local/rvm/gems/ruby-2.6.6'), ('C9_PID', 'd0e321718f0a4d0e8bcf1b64cf2405e7'), ('rvm_version', '1.29.12 (latest)'), ('C9_PROJECT', 'ros_melodic'), ('PWD', '/home/ubuntu/environment/aws-robomaker-sample-application-helloworld/robot_ws/build/hello_world_robot'), ('GEM_PATH', '/usr/local/rvm/gems/ruby-2.6.6:/usr/local/rvm/gems/ruby-2.6.6@global'), ('SSH_CONNECTION', '35.172.155.194 24598 172.31.83.243 22'), ('NVM_CD_FLAGS', ''), ('XDG_DATA_DIRS', '/usr/local/share:/usr/share:/var/lib/snapd/desktop'), ('IP', '127.0.0.1'), ('PYTHONPATH', '/opt/ros/melodic/lib/python2.7/dist-packages'), ('COLCON', '1'), ('rvm_path', '/usr/local/rvm'), ('TMUX_PANE', '%0'), ('MANPATH', '/home/ubuntu/.nvm/versions/node/v8.17.0/share/man:/usr/local/rvm/rubies/ruby-2.6.6/share/man:/usr/local/man:/usr/local/share/man:/usr/share/man:/usr/local/rvm/man'), ('EDITOR', ''), ('CMAKE_PREFIX_PATH', '/home/ubuntu/environment/aws-robomaker-sample-application-helloworld/robot_ws/install/turtlebot3_description_reduced_mesh:/home/ubuntu/environment/aws-robomaker-sample-application-helloworld/simulation_ws/install/hello_world_simulation:/opt/ros/melodic')]), 'shell': False}
[3.714609] (-) TimerEvent: {}
[3.748944] (hello_world_robot) StdoutLine: {'line': b'Built target hello_world_robot_xacro_generated_to_devel_space_\n'}
[3.767372] (hello_world_robot) StdoutLine: {'line': b'\x1b[36mInstall the project...\x1b[0m\n'}
[3.775588] (hello_world_robot) StdoutLine: {'line': b'-- Install configuration: ""\n'}
[3.776647] (hello_world_robot) StdoutLine: {'line': b'+ cd /home/ubuntu/environment/aws-robomaker-sample-application-helloworld/robot_ws/src/hello_world_robot\n'}
[3.776837] (hello_world_robot) StdoutLine: {'line': b'+ mkdir -p /home/ubuntu/environment/aws-robomaker-sample-application-helloworld/robot_ws/install/hello_world_robot/lib/python2.7/dist-packages\n'}
[3.777831] (hello_world_robot) StdoutLine: {'line': b'+ /usr/bin/env PYTHONPATH=/home/ubuntu/environment/aws-robomaker-sample-application-helloworld/robot_ws/install/hello_world_robot/lib/python2.7/dist-packages:/home/ubuntu/environment/aws-robomaker-sample-application-helloworld/robot_ws/build/hello_world_robot/lib/python2.7/dist-packages:/opt/ros/melodic/lib/python2.7/dist-packages CATKIN_BINARY_DIR=/home/ubuntu/environment/aws-robomaker-sample-application-helloworld/robot_ws/build/hello_world_robot /usr/bin/python2 /home/ubuntu/environment/aws-robomaker-sample-application-helloworld/robot_ws/src/hello_world_robot/setup.py build --build-base /home/ubuntu/environment/aws-robomaker-sample-application-helloworld/robot_ws/build/hello_world_robot install --root=/ --install-layout=deb --prefix=/home/ubuntu/environment/aws-robomaker-sample-application-helloworld/robot_ws/install/hello_world_robot --install-scripts=/home/ubuntu/environment/aws-robomaker-sample-application-helloworld/robot_ws/install/hello_world_robot/bin\n'}
[3.814327] (hello_world_robot) StdoutLine: {'line': b'running build\n'}
[3.814487] (hello_world_robot) StdoutLine: {'line': b'running build_py\n'}
[3.814780] (-) TimerEvent: {}
[3.815030] (hello_world_robot) StdoutLine: {'line': b'running install\n'}
[3.815450] (hello_world_robot) StdoutLine: {'line': b'running install_lib\n'}
[3.815894] (hello_world_robot) StdoutLine: {'line': b'running install_egg_info\n'}
[3.816189] (hello_world_robot) StdoutLine: {'line': b'Removing /home/ubuntu/environment/aws-robomaker-sample-application-helloworld/robot_ws/install/hello_world_robot/lib/python2.7/dist-packages/hello_world_robot-1.4.1.egg-info\n'}
[3.816432] (hello_world_robot) StdoutLine: {'line': b'Writing /home/ubuntu/environment/aws-robomaker-sample-application-helloworld/robot_ws/install/hello_world_robot/lib/python2.7/dist-packages/hello_world_robot-1.4.1.egg-info\n'}
[3.819617] (hello_world_robot) StdoutLine: {'line': b'-- Up-to-date: /home/ubuntu/environment/aws-robomaker-sample-application-helloworld/robot_ws/install/hello_world_robot/lib/pkgconfig/hello_world_robot.pc\n'}
[3.819998] (hello_world_robot) StdoutLine: {'line': b'-- Up-to-date: /home/ubuntu/environment/aws-robomaker-sample-application-helloworld/robot_ws/install/hello_world_robot/share/hello_world_robot/cmake/hello_world_robotConfig.cmake\n'}
[3.820276] (hello_world_robot) StdoutLine: {'line': b'-- Up-to-date: /home/ubuntu/environment/aws-robomaker-sample-application-helloworld/robot_ws/install/hello_world_robot/share/hello_world_robot/cmake/hello_world_robotConfig-version.cmake\n'}
[3.820607] (hello_world_robot) StdoutLine: {'line': b'-- Up-to-date: /home/ubuntu/environment/aws-robomaker-sample-application-helloworld/robot_ws/install/hello_world_robot/share/hello_world_robot/package.xml\n'}
[3.820849] (hello_world_robot) StdoutLine: {'line': b'-- Up-to-date: /home/ubuntu/environment/aws-robomaker-sample-application-helloworld/robot_ws/install/hello_world_robot/lib/hello_world_robot/rotate.py\n'}
[3.821036] (hello_world_robot) StdoutLine: {'line': b'-- Up-to-date: /home/ubuntu/environment/aws-robomaker-sample-application-helloworld/robot_ws/install/hello_world_robot/share/hello_world_robot/launch\n'}
[3.821220] (hello_world_robot) StdoutLine: {'line': b'-- Up-to-date: /home/ubuntu/environment/aws-robomaker-sample-application-helloworld/robot_ws/install/hello_world_robot/share/hello_world_robot/launch/deploy_rotate.launch\n'}
[3.821425] (hello_world_robot) StdoutLine: {'line': b'-- Up-to-date: /home/ubuntu/environment/aws-robomaker-sample-application-helloworld/robot_ws/install/hello_world_robot/share/hello_world_robot/launch/rotate.launch\n'}
[3.821611] (hello_world_robot) StdoutLine: {'line': b'-- Up-to-date: /home/ubuntu/environment/aws-robomaker-sample-application-helloworld/robot_ws/install/hello_world_robot/share/deploymentScripts\n'}
[3.821793] (hello_world_robot) StdoutLine: {'line': b'-- Up-to-date: /home/ubuntu/environment/aws-robomaker-sample-application-helloworld/robot_ws/install/hello_world_robot/share/deploymentScripts/post_launch_file.sh\n'}
[3.821963] (hello_world_robot) StdoutLine: {'line': b'-- Up-to-date: /home/ubuntu/environment/aws-robomaker-sample-application-helloworld/robot_ws/install/hello_world_robot/share/deploymentScripts/pre_launch_file.sh\n'}
[3.822125] (hello_world_robot) StdoutLine: {'line': b'-- Up-to-date: /home/ubuntu/environment/aws-robomaker-sample-application-helloworld/robot_ws/install/hello_world_robot/share/hello_world_robot/rviz/turtlebot3_model.rviz\n'}
[3.824668] (hello_world_robot) CommandEnded: {'returncode': 0}
[3.920187] (-) TimerEvent: {}
[3.985992] (hello_world_robot) JobEnded: {'identifier': 'hello_world_robot', 'rc': 0}
[3.988114] (-) EventReactorShutdown: {}
