[0.053s] Invoking command in '/home/ubuntu/environment/aws-robomaker-sample-application-helloworld/robot_ws/build/hello_world_robot': /usr/bin/cmake --build /home/ubuntu/environment/aws-robomaker-sample-application-helloworld/robot_ws/build/hello_world_robot -- -j4 -l4
[0.228s] Built target hello_world_robot_xacro_generated_to_devel_space_
[0.243s] Invoked command in '/home/ubuntu/environment/aws-robomaker-sample-application-helloworld/robot_ws/build/hello_world_robot' returned '0': /usr/bin/cmake --build /home/ubuntu/environment/aws-robomaker-sample-application-helloworld/robot_ws/build/hello_world_robot -- -j4 -l4
[0.293s] Invoking command in '/home/ubuntu/environment/aws-robomaker-sample-application-helloworld/robot_ws/build/hello_world_robot': /usr/bin/cmake --build /home/ubuntu/environment/aws-robomaker-sample-application-helloworld/robot_ws/build/hello_world_robot --target tests -- -j4 -l4
[0.363s] Built target tests
[0.376s] Invoked command in '/home/ubuntu/environment/aws-robomaker-sample-application-helloworld/robot_ws/build/hello_world_robot' returned '0': /usr/bin/cmake --build /home/ubuntu/environment/aws-robomaker-sample-application-helloworld/robot_ws/build/hello_world_robot --target tests -- -j4 -l4
[0.439s] Invoking command in '/home/ubuntu/environment/aws-robomaker-sample-application-helloworld/robot_ws/build/hello_world_robot': /usr/bin/cmake --build /home/ubuntu/environment/aws-robomaker-sample-application-helloworld/robot_ws/build/hello_world_robot --target install -- -j4 -l4
[0.496s] Built target hello_world_robot_xacro_generated_to_devel_space_
[0.518s] [36mInstall the project...[0m
[0.530s] -- Install configuration: ""
[0.532s] + cd /home/ubuntu/environment/aws-robomaker-sample-application-helloworld/robot_ws/src/hello_world_robot
[0.533s] + mkdir -p /home/ubuntu/environment/aws-robomaker-sample-application-helloworld/robot_ws/install/hello_world_robot/lib/python2.7/dist-packages
[0.533s] + /usr/bin/env PYTHONPATH=/home/ubuntu/environment/aws-robomaker-sample-application-helloworld/robot_ws/install/hello_world_robot/lib/python2.7/dist-packages:/home/ubuntu/environment/aws-robomaker-sample-application-helloworld/robot_ws/build/hello_world_robot/lib/python2.7/dist-packages:/opt/ros/melodic/lib/python2.7/dist-packages CATKIN_BINARY_DIR=/home/ubuntu/environment/aws-robomaker-sample-application-helloworld/robot_ws/build/hello_world_robot /usr/bin/python2 /home/ubuntu/environment/aws-robomaker-sample-application-helloworld/robot_ws/src/hello_world_robot/setup.py build --build-base /home/ubuntu/environment/aws-robomaker-sample-application-helloworld/robot_ws/build/hello_world_robot install --root=/ --install-layout=deb --prefix=/home/ubuntu/environment/aws-robomaker-sample-application-helloworld/robot_ws/install/hello_world_robot --install-scripts=/home/ubuntu/environment/aws-robomaker-sample-application-helloworld/robot_ws/install/hello_world_robot/bin
[0.595s] running build
[0.595s] running build_py
[0.597s] running install
[0.597s] running install_lib
[0.599s] running install_egg_info
[0.600s] Removing /home/ubuntu/environment/aws-robomaker-sample-application-helloworld/robot_ws/install/hello_world_robot/lib/python2.7/dist-packages/hello_world_robot-1.4.1.egg-info
[0.600s] Writing /home/ubuntu/environment/aws-robomaker-sample-application-helloworld/robot_ws/install/hello_world_robot/lib/python2.7/dist-packages/hello_world_robot-1.4.1.egg-info
[0.607s] -- Up-to-date: /home/ubuntu/environment/aws-robomaker-sample-application-helloworld/robot_ws/install/hello_world_robot/lib/pkgconfig/hello_world_robot.pc
[0.607s] -- Up-to-date: /home/ubuntu/environment/aws-robomaker-sample-application-helloworld/robot_ws/install/hello_world_robot/share/hello_world_robot/cmake/hello_world_robotConfig.cmake
[0.607s] -- Up-to-date: /home/ubuntu/environment/aws-robomaker-sample-application-helloworld/robot_ws/install/hello_world_robot/share/hello_world_robot/cmake/hello_world_robotConfig-version.cmake
[0.607s] -- Up-to-date: /home/ubuntu/environment/aws-robomaker-sample-application-helloworld/robot_ws/install/hello_world_robot/share/hello_world_robot/package.xml
[0.608s] -- Up-to-date: /home/ubuntu/environment/aws-robomaker-sample-application-helloworld/robot_ws/install/hello_world_robot/lib/hello_world_robot/rotate.py
[0.608s] -- Up-to-date: /home/ubuntu/environment/aws-robomaker-sample-application-helloworld/robot_ws/install/hello_world_robot/share/hello_world_robot/launch
[0.608s] -- Up-to-date: /home/ubuntu/environment/aws-robomaker-sample-application-helloworld/robot_ws/install/hello_world_robot/share/hello_world_robot/launch/deploy_rotate.launch
[0.608s] -- Up-to-date: /home/ubuntu/environment/aws-robomaker-sample-application-helloworld/robot_ws/install/hello_world_robot/share/hello_world_robot/launch/rotate.launch
[0.608s] -- Up-to-date: /home/ubuntu/environment/aws-robomaker-sample-application-helloworld/robot_ws/install/hello_world_robot/share/deploymentScripts
[0.609s] -- Up-to-date: /home/ubuntu/environment/aws-robomaker-sample-application-helloworld/robot_ws/install/hello_world_robot/share/deploymentScripts/post_launch_file.sh
[0.609s] -- Up-to-date: /home/ubuntu/environment/aws-robomaker-sample-application-helloworld/robot_ws/install/hello_world_robot/share/deploymentScripts/pre_launch_file.sh
[0.609s] -- Up-to-date: /home/ubuntu/environment/aws-robomaker-sample-application-helloworld/robot_ws/install/hello_world_robot/share/hello_world_robot/rviz/turtlebot3_model.rviz
[0.616s] Invoked command in '/home/ubuntu/environment/aws-robomaker-sample-application-helloworld/robot_ws/build/hello_world_robot' returned '0': /usr/bin/cmake --build /home/ubuntu/environment/aws-robomaker-sample-application-helloworld/robot_ws/build/hello_world_robot --target install -- -j4 -l4
